#
# There is insufficient memory for the Java Runtime Environment to continue.
# Native memory allocation (mmap) failed to map 98566144 bytes for G1 virtual space
# Possible reasons:
#   The system is out of physical RAM or swap space
#   The process is running with CompressedOops enabled, and the Java Heap may be blocking the growth of the native heap
# Possible solutions:
#   Reduce memory load on the system
#   Increase physical memory or swap space
#   Check if swap backing store is full
#   Decrease Java heap size (-Xmx/-Xms)
#   Decrease number of Java threads
#   Decrease Java thread stack sizes (-Xss)
#   Set larger code cache with -XX:ReservedCodeCacheSize=
#   JVM is running with Unscaled Compressed Oops mode in which the Java heap is
#     placed in the first 4GB address space. The Java Heap base address is the
#     maximum limit for the native heap growth. Please use -XX:HeapBaseMinAddress
#     to set the Java Heap base and to place the Java Heap above 4GB virtual address.
# This output file may be truncated or incomplete.
#
#  Out of Memory Error (os_windows.cpp:3603), pid=19392, tid=4012
#
# JRE version:  (21.0.7+8) (build )
# Java VM: Java HotSpot(TM) 64-Bit Server VM (21.0.7+8-LTS-245, mixed mode, sharing, tiered, compressed oops, compressed class ptrs, g1 gc, windows-amd64)
# No core dump will be written. Minidumps are not enabled by default on client versions of Windows
#

---------------  S U M M A R Y ------------

Command Line: -Dclassworlds.conf=C:\Program Files\Apache\maven\bin\m2.conf -Dmaven.home=C:\Program Files\Apache\maven -Dlibrary.jansi.path=C:\Program Files\Apache\maven\lib\jansi-native -Dmaven.multiModuleProjectDirectory=D:\MY DATA\DAC-Project\Backend\Services\collabit_pitch org.codehaus.plexus.classworlds.launcher.Launcher spring-boot:run

Host: AMD Ryzen 5 5500U with Radeon Graphics         , 12 cores, 5G,  Windows 11 , 64 bit Build 26100 (10.0.26100.7623)
Time: Wed Feb  4 01:01:01 2026 India Standard Time elapsed time: 2.155139 seconds (0d 0h 0m 2s)

---------------  T H R E A D  ---------------

Current thread (0x0000027c89c52920):  JavaThread "Unknown thread" [_thread_in_vm, id=4012, stack(0x000000e478d00000,0x000000e478e00000) (1024K)]

Stack: [0x000000e478d00000,0x000000e478e00000]
Native frames: (J=compiled Java code, j=interpreted, Vv=VM code, C=native code)
V  [jvm.dll+0x6cae19]
V  [jvm.dll+0x855741]
V  [jvm.dll+0x857c6e]
V  [jvm.dll+0x858343]
V  [jvm.dll+0x27e0b6]
V  [jvm.dll+0x6c7595]
V  [jvm.dll+0x6bc0fa]
V  [jvm.dll+0x353eaa]
V  [jvm.dll+0x35bb26]
V  [jvm.dll+0x3ae52e]
V  [jvm.dll+0x3ae7d8]
V  [jvm.dll+0x3281bc]
V  [jvm.dll+0x328d1b]
V  [jvm.dll+0x81eaf9]
V  [jvm.dll+0x3bb211]
V  [jvm.dll+0x807d78]
V  [jvm.dll+0x4503ee]
V  [jvm.dll+0x451fe1]
C  [jli.dll+0x52a3]
C  [ucrtbase.dll+0x37b0]
C  [KERNEL32.DLL+0x2e8d7]
C  [ntdll.dll+0x8c53c]


---------------  P R O C E S S  ---------------

Threads class SMR info:
_java_thread_list=0x00007ffc402ccc48, length=0, elements={
}

Java Threads: ( => current thread )
Total: 0

Other Threads:
  0x0000027c8c090b00 WorkerThread "GC Thread#0"                     [id=15168, stack(0x000000e478e00000,0x000000e478f00000) (1024K)]
  0x0000027c8c09ee40 ConcurrentGCThread "G1 Main Marker"            [id=15616, stack(0x000000e478f00000,0x000000e479000000) (1024K)]
  0x0000027c8c09f940 WorkerThread "G1 Conc#0"                       [id=20584, stack(0x000000e479000000,0x000000e479100000) (1024K)]

[error occurred during error reporting (printing all threads), id 0xc0000005, EXCEPTION_ACCESS_VIOLATION (0xc0000005) at pc=0x00007ffc3fa3a947]
VM state: not at safepoint (not fully initialized)

VM Mutex/Monitor currently owned by a thread:  ([mutex/lock_event])
[0x00007ffc4033df50] Heap_lock - owner thread: 0x0000027c89c52920

Heap address: 0x00000000a2600000, size: 1498 MB, Compressed Oops mode: 32-bit

CDS archive(s) mapped at: [0x0000000000000000-0x0000000000000000-0x0000000000000000), size 0, SharedBaseAddress: 0x0000000800000000, ArchiveRelocationMode: 1.
Narrow klass base: 0x0000000000000000, Narrow klass shift: 0, Narrow klass range: 0x0

GC Precious Log:
 CardTable entry size: 512
 Card Set container configuration: InlinePtr #cards 5 size 8 Array Of Cards #cards 12 size 40 Howl #buckets 4 coarsen threshold 1843 Howl Bitmap #cards 512 size 80 coarsen threshold 460 Card regions per heap region 1 cards per card region 2048

Heap:
 garbage-first heap   total 0K, used 0K [0x00000000a2600000, 0x0000000100000000)
  region size 1024K, 0 young (0K), 0 survivors (0K)

[error occurred during error reporting (printing heap information), id 0xc0000005, EXCEPTION_ACCESS_VIOLATION (0xc0000005) at pc=0x00007ffc3fe23e79]
GC Heap History (0 events):
No events

Dll operation events (1 events):
Event: 0.064 Loaded shared library C:\Program Files\Java\jdk-21\bin\java.dll

Deoptimization events (0 events):
No events

Classes loaded (0 events):
No events

Classes unloaded (0 events):
No events

Classes redefined (0 events):
No events

Internal exceptions (0 events):
No events

ZGC Phase Switch (0 events):
No events

VM Operations (0 events):
No events

Events (0 events):
No events


Dynamic libraries:
0x00007ff64b610000 - 0x00007ff64b620000 	C:\Program Files\Java\jdk-21\bin\java.exe
0x00007ffcc2f80000 - 0x00007ffcc31e7000 	C:\WINDOWS\SYSTEM32\ntdll.dll
0x00007ffcc2260000 - 0x00007ffcc2329000 	C:\WINDOWS\System32\KERNEL32.DLL
0x00007ffcc0390000 - 0x00007ffcc077f000 	C:\WINDOWS\System32\KERNELBASE.dll
0x00007ffcc0240000 - 0x00007ffcc038b000 	C:\WINDOWS\System32\ucrtbase.dll
0x00007ffcaece0000 - 0x00007ffcaecfb000 	C:\Program Files\Java\jdk-21\bin\VCRUNTIME140.dll
0x00007ffcaefe0000 - 0x00007ffcaeff9000 	C:\Program Files\Java\jdk-21\bin\jli.dll
0x00007ffcc2430000 - 0x00007ffcc24e4000 	C:\WINDOWS\System32\ADVAPI32.dll
0x00007ffcc16a0000 - 0x00007ffcc1749000 	C:\WINDOWS\System32\msvcrt.dll
0x00007ffcc15b0000 - 0x00007ffcc1656000 	C:\WINDOWS\System32\sechost.dll
0x00007ffcc1460000 - 0x00007ffcc1578000 	C:\WINDOWS\System32\RPCRT4.dll
0x00007ffcc2a30000 - 0x00007ffcc2bf5000 	C:\WINDOWS\System32\USER32.dll
0x00007ffcac9a0000 - 0x00007ffcacc33000 	C:\WINDOWS\WinSxS\amd64_microsoft.windows.common-controls_6595b64144ccf1df_6.0.26100.7309_none_3e05feeae336a044\COMCTL32.dll
0x00007ffcc0d20000 - 0x00007ffcc0d4b000 	C:\WINDOWS\System32\GDI32.dll
0x00007ffcc08d0000 - 0x00007ffcc08f7000 	C:\WINDOWS\System32\win32u.dll
0x00007ffcc0b30000 - 0x00007ffcc0c5c000 	C:\WINDOWS\System32\gdi32full.dll
0x00007ffcb75a0000 - 0x00007ffcb75ab000 	C:\WINDOWS\SYSTEM32\VERSION.dll
0x00007ffcc0820000 - 0x00007ffcc08c3000 	C:\WINDOWS\System32\msvcp_win.dll
0x00007ffcc1660000 - 0x00007ffcc1691000 	C:\WINDOWS\System32\IMM32.DLL
0x00007ffcaf730000 - 0x00007ffcaf73c000 	C:\Program Files\Java\jdk-21\bin\vcruntime140_1.dll
0x00007ffca1230000 - 0x00007ffca12be000 	C:\Program Files\Java\jdk-21\bin\msvcp140.dll
0x00007ffc3f700000 - 0x00007ffc4041a000 	C:\Program Files\Java\jdk-21\bin\server\jvm.dll
0x00007ffcc13e0000 - 0x00007ffcc1454000 	C:\WINDOWS\System32\WS2_32.dll
0x00007ffcbff30000 - 0x00007ffcbff8e000 	C:\WINDOWS\SYSTEM32\POWRPROF.dll
0x00007ffcb7560000 - 0x00007ffcb7595000 	C:\WINDOWS\SYSTEM32\WINMM.dll
0x00007ffcbff10000 - 0x00007ffcbff24000 	C:\WINDOWS\SYSTEM32\UMPDC.dll
0x00007ffcbee80000 - 0x00007ffcbee9b000 	C:\WINDOWS\SYSTEM32\kernel.appcore.dll
0x00007ffcaf620000 - 0x00007ffcaf62a000 	C:\Program Files\Java\jdk-21\bin\jimage.dll
0x00007ffcb42b0000 - 0x00007ffcb44f2000 	C:\WINDOWS\SYSTEM32\DBGHELP.DLL
0x00007ffcc1770000 - 0x00007ffcc1af6000 	C:\WINDOWS\System32\combase.dll
0x00007ffcc1300000 - 0x00007ffcc13d6000 	C:\WINDOWS\System32\OLEAUT32.dll
0x00007ffca7d20000 - 0x00007ffca7d5c000 	C:\WINDOWS\SYSTEM32\dbgcore.DLL
0x00007ffcc0900000 - 0x00007ffcc09a5000 	C:\WINDOWS\System32\bcryptPrimitives.dll
0x00007ffcad000000 - 0x00007ffcad01f000 	C:\Program Files\Java\jdk-21\bin\java.dll

dbghelp: loaded successfully - version: 4.0.5 - missing functions: none
symbol engine: initialized successfully - sym options: 0x614 - pdb path: .;C:\Program Files\Java\jdk-21\bin;C:\WINDOWS\SYSTEM32;C:\WINDOWS\WinSxS\amd64_microsoft.windows.common-controls_6595b64144ccf1df_6.0.26100.7309_none_3e05feeae336a044;C:\Program Files\Java\jdk-21\bin\server

VM Arguments:
jvm_args: -Dclassworlds.conf=C:\Program Files\Apache\maven\bin\m2.conf -Dmaven.home=C:\Program Files\Apache\maven -Dlibrary.jansi.path=C:\Program Files\Apache\maven\lib\jansi-native -Dmaven.multiModuleProjectDirectory=D:\MY DATA\DAC-Project\Backend\Services\collabit_pitch 
java_command: org.codehaus.plexus.classworlds.launcher.Launcher spring-boot:run
java_class_path (initial): C:\Program Files\Apache\maven\boot\plexus-classworlds-2.9.0.jar
Launcher Type: SUN_STANDARD

[Global flags]
     intx CICompilerCount                          = 4                                         {product} {ergonomic}
     uint ConcGCThreads                            = 3                                         {product} {ergonomic}
     uint G1ConcRefinementThreads                  = 10                                        {product} {ergonomic}
   size_t G1HeapRegionSize                         = 1048576                                   {product} {ergonomic}
    uintx GCDrainStackTargetSize                   = 64                                        {product} {ergonomic}
   size_t InitialHeapSize                          = 98566144                                  {product} {ergonomic}
   size_t MarkStackSize                            = 4194304                                   {product} {ergonomic}
   size_t MaxHeapSize                              = 1570766848                                {product} {ergonomic}
   size_t MinHeapDeltaBytes                        = 1048576                                   {product} {ergonomic}
   size_t MinHeapSize                              = 8388608                                   {product} {ergonomic}
    uintx NonNMethodCodeHeapSize                   = 5839372                                {pd product} {ergonomic}
    uintx NonProfiledCodeHeapSize                  = 122909434                              {pd product} {ergonomic}
    uintx ProfiledCodeHeapSize                     = 122909434                              {pd product} {ergonomic}
    uintx ReservedCodeCacheSize                    = 251658240                              {pd product} {ergonomic}
     bool SegmentedCodeCache                       = true                                      {product} {ergonomic}
   size_t SoftMaxHeapSize                          = 1570766848                             {manageable} {ergonomic}
     bool UseCompressedOops                        = true                           {product lp64_product} {ergonomic}
     bool UseG1GC                                  = true                                      {product} {ergonomic}
     bool UseLargePagesIndividualAllocation        = false                                  {pd product} {ergonomic}

Logging:
Log output configuration:
 #0: stdout all=warning uptime,level,tags foldmultilines=false
 #1: stderr all=off uptime,level,tags foldmultilines=false

Environment Variables:
PATH=C:\Program Files\Common Files\Oracle\Java\javapath;C:\Program Files\Apache\maven\bin;C:\Program Files\MongoDB\Tools\100\bin;C:\Program Files\MongoDB\mongosh-2.5.8-win32-x64\bin;C:\WINDOWS\system32;C:\WINDOWS;C:\WINDOWS\System32\Wbem;C:\WINDOWS\System32\WindowsPowerShell\v1.0\;C:\WINDOWS\System32\OpenSSH\;C:\ProgramData\chocolatey\bin;C:\Program Files\Git\cmd;C:\Users\Ali_Aman_Khan\AppData\Local\Android\Sdk\platform-tools;C:\Program Files\Redis\;C:\Program Files\Docker\Docker\resources\bin;C:\Program Files\Git LFS;C:\Program Files (x86)\dotnet;C:\Users\Ali_Aman_Khan\Downloads\flutter_windows_3.22.0-stable\flutter\bin;c:\Users\Ali_Aman_Khan\AppData\Local\Programs\cursor\resources\app\bin;C:\Program Files\PostgreSQL\17\bin;C:\WINDOWS\system32;C:\WINDOWS;C:\WINDOWS\System32\Wbem;C:\WINDOWS\System32\WindowsPowerShell\v1.0\;C:\WINDOWS\System32\OpenSSH\;C:\Users\Ali_Aman_Khan\AppData\Local\Programs\Python\Python313;C:\Users\Ali_Aman_Khan\AppData\Local\Programs\Python\Python313\Scripts;C:\Users\Ali_Aman_Khan\anaconda3;C:\Users\Ali_Aman_Khan\anaconda3\Scripts;C:\Program Files (x86)\Microsoft Visual Studio\2022\BuildTools\MSBuild\Current\Bin;C:\Users\Ali_Aman_Khan\stripe_1.27.0_windows_x86_64;C:\Program Files\dotnet\;C:\mingw64\bin;C:\Program Files\Java\jdk-21\bin;C:\Program Files\MongoDB\Server\8.2\bin;C:\Program Files\nodejs\;C:\Program Files\Microsoft SQL Server\150\Tools\Binn\;C:\Program Files\Microsoft SQL Server\Client SDK\ODBC\170\Tools\Binn\;C:\Program Files (x86)\Microsoft SQL Server\170\Tools\Binn\;C:\Program Files\Microsoft SQL Server\170\Tools\Binn\;C:\Program Files\Microsoft SQL Server\Client SDK\ODBC\180\Tools\Binn\;C:\Program Files\Microsoft SQL Server\170\DTS\Binn\;C:\Kind;C:\Program Files\Apache\maven\bin\bin;C:\Users\Ali_Aman_Khan\AppData\Local\Programs\Microsoft VS Code\bin;C:\Users\Ali_Aman_Khan\AppData\Local\Microsoft\WindowsApps;C:\Users\Ali_Aman_Khan\AppData\Local\Programs\mongosh\;C:\Users\Ali_Aman_Khan\AppData\Roaming\npm;C:\Users\Ali_Aman_Khan\.dotnet\tools;C:\Kind;C:\Users\Ali_Aman_Khan\AppData\Local\Programs\Antigravity\bin;c:\Users\Ali_Aman_Khan\.antigravity\extensions\vscjava.vscode-java-debug-0.58.5-universal\bundled\scripts\noConfigScripts
USERNAME=Ali_Aman_Khan
LANG=en_US.UTF-8
OS=Windows_NT
PROCESSOR_IDENTIFIER=AMD64 Family 23 Model 104 Stepping 1, AuthenticAMD
TMP=C:\Users\ALI_AM~1\AppData\Local\Temp
TEMP=C:\Users\ALI_AM~1\AppData\Local\Temp




Periodic native trim disabled

---------------  S Y S T E M  ---------------

OS:
 Windows 11 , 64 bit Build 26100 (10.0.26100.7623)
OS uptime: 0 days 14:15 hours
Hyper-V role detected

CPU: total 12 (initial active 12) (12 cores per cpu, 2 threads per core) family 23 model 104 stepping 1 microcode 0x8608103, cx8, cmov, fxsr, ht, mmx, 3dnowpref, sse, sse2, sse3, ssse3, sse4a, sse4.1, sse4.2, popcnt, lzcnt, tsc, tscinvbit, avx, avx2, aes, clmul, bmi1, bmi2, adx, sha, fma, vzeroupper, clflush, clflushopt, hv, rdtscp, rdpid, f16c
Processor Information for all 12 processors :
  Max Mhz: 2100, Current Mhz: 1686, Mhz Limit: 2100

Memory: 4k page, system-wide physical 5989M (48M free)
TotalPageFile size 24421M (AvailPageFile size 33M)
current process WorkingSet (physical memory assigned to process): 12M, peak: 12M
current process commit charge ("private bytes"): 64M, peak: 158M

vm_info: Java HotSpot(TM) 64-Bit Server VM (21.0.7+8-LTS-245) for windows-amd64 JRE (21.0.7+8-LTS-245), built on 2025-02-21T05:11:27Z by "mach5one" with MS VC++ 17.6 (VS2022)

END.
