#
# There is insufficient memory for the Java Runtime Environment to continue.
# Native memory allocation (malloc) failed to allocate 1719856 bytes. Error detail: Chunk::new
# Possible reasons:
#   The system is out of physical RAM or swap space
#   This process is running with CompressedOops enabled, and the Java Heap may be blocking the growth of the native heap
# Possible solutions:
#   Reduce memory load on the system
#   Increase physical memory or swap space
#   Check if swap backing store is full
#   Decrease Java heap size (-Xmx/-Xms)
#   Decrease number of Java threads
#   Decrease Java thread stack sizes (-Xss)
#   Set larger code cache with -XX:ReservedCodeCacheSize=
#   JVM is running with Unscaled Compressed Oops mode in which the Java heap is
#     placed in the first 4GB address space. The Java Heap base address is the
#     maximum limit for the native heap growth. Please use -XX:HeapBaseMinAddress
#     to set the Java Heap base and to place the Java Heap above 4GB virtual address.
# This output file may be truncated or incomplete.
#
#  Out of Memory Error (arena.cpp:168), pid=18576, tid=5288
#
# JRE version: OpenJDK Runtime Environment Temurin-21.0.9+10 (21.0.9+10) (build 21.0.9+10-LTS)
# Java VM: OpenJDK 64-Bit Server VM Temurin-21.0.9+10 (21.0.9+10-LTS, mixed mode, sharing, tiered, compressed oops, compressed class ptrs, parallel gc, windows-amd64)
# No core dump will be written. Minidumps are not enabled by default on client versions of Windows
#

---------------  S U M M A R Y ------------

Command Line: --add-modules=ALL-SYSTEM --add-opens=java.base/java.util=ALL-UNNAMED --add-opens=java.base/java.lang=ALL-UNNAMED --add-opens=java.base/sun.nio.fs=ALL-UNNAMED -Declipse.application=org.eclipse.jdt.ls.core.id1 -Dosgi.bundles.defaultStartLevel=4 -Declipse.product=org.eclipse.jdt.ls.core.product -Djava.import.generatesMetadataFilesAtProjectRoot=false -DDetectVMInstallationsJob.disabled=true -Dfile.encoding=utf8 -XX:+UseParallelGC -XX:GCTimeRatio=4 -XX:AdaptiveSizePolicyWeight=90 -Dsun.zip.disableMemoryMapping=true -Xmx2G -Xms100m -Xlog:disable -javaagent:c:\Users\Ali_Aman_Khan\.antigravity\extensions\redhat.java-1.52.0-win32-x64\lombok\lombok-1.18.39-4050.jar -XX:+HeapDumpOnOutOfMemoryError -XX:HeapDumpPath=c:\Users\Ali_Aman_Khan\AppData\Roaming\Antigravity\User\workspaceStorage\8c170432c94a3d51ad43093330712aea\redhat.java -Daether.dependencyCollector.impl=bf c:\Users\Ali_Aman_Khan\.antigravity\extensions\redhat.java-1.52.0-win32-x64\server\plugins\org.eclipse.equinox.launcher_1.7.100.v20251111-0406.jar -configuration c:\Users\Ali_Aman_Khan\AppData\Roaming\Antigravity\User\globalStorage\redhat.java\1.52.0\config_win -data c:\Users\Ali_Aman_Khan\AppData\Roaming\Antigravity\User\workspaceStorage\8c170432c94a3d51ad43093330712aea\redhat.java\jdt_ws --pipe=\\.\pipe\lsp-6a54bd24fa22934d7aa813989008e888-sock

Host: AMD Ryzen 5 5500U with Radeon Graphics         , 12 cores, 5G,  Windows 11 , 64 bit Build 26100 (10.0.26100.7623)
Time: Wed Feb  4 00:59:55 2026 India Standard Time elapsed time: 72.022373 seconds (0d 0h 1m 12s)

---------------  T H R E A D  ---------------

Current thread (0x000001f86a623460):  JavaThread "C2 CompilerThread0" daemon [_thread_in_native, id=5288, stack(0x000000d24af00000,0x000000d24b000000) (1024K)]


Current CompileTask:
C2:72022 8951   !   4       com.google.inject.spi.InjectionPoint::getInjectionPoints (489 bytes)

Stack: [0x000000d24af00000,0x000000d24b000000]
Native frames: (J=compiled Java code, j=interpreted, Vv=VM code, C=native code)
V  [jvm.dll+0x6d6e29]
V  [jvm.dll+0x8b4b76]
V  [jvm.dll+0x8b712e]
V  [jvm.dll+0x8b7813]
V  [jvm.dll+0x283d86]
V  [jvm.dll+0xc66ed]
V  [jvm.dll+0xc6c31]
V  [jvm.dll+0x3be501]
V  [jvm.dll+0x38ab92]
V  [jvm.dll+0x389fda]
V  [jvm.dll+0x24bfa0]
V  [jvm.dll+0x24b580]
V  [jvm.dll+0x1cb13e]
V  [jvm.dll+0x25b29d]
V  [jvm.dll+0x25982a]
V  [jvm.dll+0x3f7ea6]
V  [jvm.dll+0x85e9ad]
V  [jvm.dll+0x6d565d]
C  [ucrtbase.dll+0x37b0]
C  [KERNEL32.DLL+0x2e8d7]
C  [ntdll.dll+0x8c53c]


---------------  P R O C E S S  ---------------

Threads class SMR info:
_java_thread_list=0x000001f8700b3cb0, length=42, elements={
0x000001f85281f310, 0x000001f8528ce1b0, 0x000001f8692ad930, 0x000001f8692b0c50,
0x000001f8692b26b0, 0x000001f8692b4660, 0x000001f86a622b40, 0x000001f86a623460,
0x000001f86a64dff0, 0x000001f86a83b220, 0x000001f86a9737e0, 0x000001f86bacc1b0,
0x000001f86a939b50, 0x000001f86ba7cb00, 0x000001f86b6d6020, 0x000001f86a82ffa0,
0x000001f870233310, 0x000001f86a700220, 0x000001f86b5d53e0, 0x000001f8705b39b0,
0x000001f8705b1250, 0x000001f8705b4040, 0x000001f8705b46d0, 0x000001f8705b1f70,
0x000001f8705b2600, 0x000001f8705b2c90, 0x000001f8705b3320, 0x000001f870e7bb10,
0x000001f870e7b480, 0x000001f870e7e900, 0x000001f870e7ef90, 0x000001f870e7d550,
0x000001f870e7f620, 0x000001f870e7c1a0, 0x000001f870e7e270, 0x000001f870e7dbe0,
0x000001f870e7fcb0, 0x000001f870e7c830, 0x000001f870e80340, 0x000001f870e7cec0,
0x000001f870e82410, 0x000001f86a9ec960
}

Java Threads: ( => current thread )
  0x000001f85281f310 JavaThread "main"                              [_thread_blocked, id=20680, stack(0x000000d24a500000,0x000000d24a600000) (1024K)]
  0x000001f8528ce1b0 JavaThread "Reference Handler"          daemon [_thread_blocked, id=15304, stack(0x000000d24a900000,0x000000d24aa00000) (1024K)]
  0x000001f8692ad930 JavaThread "Finalizer"                  daemon [_thread_blocked, id=9840, stack(0x000000d24aa00000,0x000000d24ab00000) (1024K)]
  0x000001f8692b0c50 JavaThread "Signal Dispatcher"          daemon [_thread_blocked, id=20684, stack(0x000000d24ab00000,0x000000d24ac00000) (1024K)]
  0x000001f8692b26b0 JavaThread "Attach Listener"            daemon [_thread_blocked, id=21952, stack(0x000000d24ac00000,0x000000d24ad00000) (1024K)]
  0x000001f8692b4660 JavaThread "Service Thread"             daemon [_thread_blocked, id=23452, stack(0x000000d24ad00000,0x000000d24ae00000) (1024K)]
  0x000001f86a622b40 JavaThread "Monitor Deflation Thread"   daemon [_thread_blocked, id=3972, stack(0x000000d24ae00000,0x000000d24af00000) (1024K)]
=>0x000001f86a623460 JavaThread "C2 CompilerThread0"         daemon [_thread_in_native, id=5288, stack(0x000000d24af00000,0x000000d24b000000) (1024K)]
  0x000001f86a64dff0 JavaThread "C1 CompilerThread0"         daemon [_thread_blocked, id=23332, stack(0x000000d24b000000,0x000000d24b100000) (1024K)]
  0x000001f86a83b220 JavaThread "Common-Cleaner"             daemon [_thread_blocked, id=23504, stack(0x000000d24b100000,0x000000d24b200000) (1024K)]
  0x000001f86a9737e0 JavaThread "Notification Thread"        daemon [_thread_blocked, id=4828, stack(0x000000d24b200000,0x000000d24b300000) (1024K)]
  0x000001f86bacc1b0 JavaThread "Active Thread: Equinox Container: 0d61fe69-1417-46b2-9f74-f92fc0e1f62e"        [_thread_blocked, id=9768, stack(0x000000d24b900000,0x000000d24ba00000) (1024K)]
  0x000001f86a939b50 JavaThread "Refresh Thread: Equinox Container: 0d61fe69-1417-46b2-9f74-f92fc0e1f62e" daemon [_thread_blocked, id=15144, stack(0x000000d24bb00000,0x000000d24bc00000) (1024K)]
  0x000001f86ba7cb00 JavaThread "Framework Event Dispatcher: Equinox Container: 0d61fe69-1417-46b2-9f74-f92fc0e1f62e" daemon [_thread_blocked, id=21956, stack(0x000000d24bc00000,0x000000d24bd00000) (1024K)]
  0x000001f86b6d6020 JavaThread "Start Level: Equinox Container: 0d61fe69-1417-46b2-9f74-f92fc0e1f62e" daemon [_thread_blocked, id=14084, stack(0x000000d24bd00000,0x000000d24be00000) (1024K)]
  0x000001f86a82ffa0 JavaThread "Bundle File Closer"         daemon [_thread_blocked, id=1308, stack(0x000000d24c000000,0x000000d24c100000) (1024K)]
  0x000001f870233310 JavaThread "SCR Component Actor"        daemon [_thread_blocked, id=7100, stack(0x000000d24c100000,0x000000d24c200000) (1024K)]
  0x000001f86a700220 JavaThread "Worker-JM"                         [_thread_blocked, id=17496, stack(0x000000d24c200000,0x000000d24c300000) (1024K)]
  0x000001f86b5d53e0 JavaThread "JNA Cleaner"                daemon [_thread_blocked, id=16784, stack(0x000000d24c300000,0x000000d24c400000) (1024K)]
  0x000001f8705b39b0 JavaThread "Worker-0: Initialize workspace"        [_thread_blocked, id=1008, stack(0x000000d24c400000,0x000000d24c500000) (1024K)]
  0x000001f8705b1250 JavaThread "Worker-1: Publish Diagnostics"        [_thread_blocked, id=18464, stack(0x000000d24c500000,0x000000d24c600000) (1024K)]
  0x000001f8705b4040 JavaThread "Worker-2"                          [_thread_blocked, id=15716, stack(0x000000d24c600000,0x000000d24c700000) (1024K)]
  0x000001f8705b46d0 JavaThread "Java indexing"              daemon [_thread_blocked, id=17780, stack(0x000000d24c900000,0x000000d24ca00000) (1024K)]
  0x000001f8705b1f70 JavaThread "Worker-3: Check JDK Index"         [_thread_blocked, id=4496, stack(0x000000d24cc00000,0x000000d24cd00000) (1024K)]
  0x000001f8705b2600 JavaThread "Worker-4: Java indexing... "        [_thread_blocked, id=984, stack(0x000000d24cd00000,0x000000d24ce00000) (1024K)]
  0x000001f8705b2c90 JavaThread "Thread-1"                   daemon [_thread_in_native, id=16544, stack(0x000000d24ce00000,0x000000d24cf00000) (1024K)]
  0x000001f8705b3320 JavaThread "Thread-2"                   daemon [_thread_in_native, id=14508, stack(0x000000d24cf00000,0x000000d24d000000) (1024K)]
  0x000001f870e7bb10 JavaThread "Thread-3"                   daemon [_thread_in_native, id=18656, stack(0x000000d24d000000,0x000000d24d100000) (1024K)]
  0x000001f870e7b480 JavaThread "Thread-4"                   daemon [_thread_in_native, id=18116, stack(0x000000d24d100000,0x000000d24d200000) (1024K)]
  0x000001f870e7e900 JavaThread "Thread-5"                   daemon [_thread_in_native, id=20084, stack(0x000000d24d200000,0x000000d24d300000) (1024K)]
  0x000001f870e7ef90 JavaThread "Thread-6"                   daemon [_thread_in_native, id=10144, stack(0x000000d24d300000,0x000000d24d400000) (1024K)]
  0x000001f870e7d550 JavaThread "Thread-7"                   daemon [_thread_in_native, id=17796, stack(0x000000d24d400000,0x000000d24d500000) (1024K)]
  0x000001f870e7f620 JavaThread "Thread-8"                   daemon [_thread_in_native, id=18980, stack(0x000000d24d500000,0x000000d24d600000) (1024K)]
  0x000001f870e7c1a0 JavaThread "Thread-9"                   daemon [_thread_in_native, id=17592, stack(0x000000d24d600000,0x000000d24d700000) (1024K)]
  0x000001f870e7e270 JavaThread "Thread-10"                  daemon [_thread_in_native, id=19420, stack(0x000000d24d700000,0x000000d24d800000) (1024K)]
  0x000001f870e7dbe0 JavaThread "Thread-11"                  daemon [_thread_in_native, id=20988, stack(0x000000d24d800000,0x000000d24d900000) (1024K)]
  0x000001f870e7fcb0 JavaThread "Thread-12"                  daemon [_thread_in_native, id=388, stack(0x000000d24d900000,0x000000d24da00000) (1024K)]
  0x000001f870e7c830 JavaThread "Thread-13"                  daemon [_thread_in_native, id=16012, stack(0x000000d24da00000,0x000000d24db00000) (1024K)]
  0x000001f870e80340 JavaThread "pool-2-thread-1"                   [_thread_blocked, id=11888, stack(0x000000d24db00000,0x000000d24dc00000) (1024K)]
  0x000001f870e7cec0 JavaThread "WorkspaceEventsHandler"            [_thread_blocked, id=20760, stack(0x000000d24dc00000,0x000000d24dd00000) (1024K)]
  0x000001f870e82410 JavaThread "pool-1-thread-1"                   [_thread_blocked, id=15120, stack(0x000000d24dd00000,0x000000d24de00000) (1024K)]
  0x000001f86a9ec960 JavaThread "Worker-5"                          [_thread_blocked, id=17188, stack(0x000000d24a300000,0x000000d24a400000) (1024K)]
Total: 42

Other Threads:
  0x000001f8528b7330 VMThread "VM Thread"                           [id=2288, stack(0x000000d24a800000,0x000000d24a900000) (1024K)]
  0x000001f86919ca00 WatcherThread "VM Periodic Task Thread"        [id=18368, stack(0x000000d24a700000,0x000000d24a800000) (1024K)]
  0x000001f852836e90 WorkerThread "GC Thread#0"                     [id=21356, stack(0x000000d24a600000,0x000000d24a700000) (1024K)]
  0x000001f86b706230 WorkerThread "GC Thread#1"                     [id=22296, stack(0x000000d24b300000,0x000000d24b400000) (1024K)]
  0x000001f86b7065d0 WorkerThread "GC Thread#2"                     [id=16004, stack(0x000000d24b400000,0x000000d24b500000) (1024K)]
  0x000001f86b706970 WorkerThread "GC Thread#3"                     [id=19844, stack(0x000000d24b500000,0x000000d24b600000) (1024K)]
  0x000001f86b751440 WorkerThread "GC Thread#4"                     [id=22264, stack(0x000000d24b600000,0x000000d24b700000) (1024K)]
  0x000001f86b7517e0 WorkerThread "GC Thread#5"                     [id=9476, stack(0x000000d24b700000,0x000000d24b800000) (1024K)]
  0x000001f86b751b80 WorkerThread "GC Thread#6"                     [id=15084, stack(0x000000d24b800000,0x000000d24b900000) (1024K)]
  0x000001f86b633840 WorkerThread "GC Thread#7"                     [id=23540, stack(0x000000d24ba00000,0x000000d24bb00000) (1024K)]
  0x000001f86b6346c0 WorkerThread "GC Thread#8"                     [id=2240, stack(0x000000d24be00000,0x000000d24bf00000) (1024K)]
  0x000001f86b634a60 WorkerThread "GC Thread#9"                     [id=18492, stack(0x000000d24bf00000,0x000000d24c000000) (1024K)]
Total: 12

Threads with active compile tasks:
C2 CompilerThread0  72142 8951   !   4       com.google.inject.spi.InjectionPoint::getInjectionPoints (489 bytes)
C1 CompilerThread0  72142 9236       3       org.eclipse.jdt.internal.compiler.parser.Scanner::internalScanIdentifierOrKeyword (5041 bytes)
Total: 2

VM state: at safepoint (normal execution)

VM Mutex/Monitor currently owned by a thread:  ([mutex/lock_event])
[0x00007ffc4033d570] Threads_lock - owner thread: 0x000001f8528b7330
[0x00007ffc4033d670] Heap_lock - owner thread: 0x000001f8705b46d0

Heap address: 0x0000000080000000, size: 2048 MB, Compressed Oops mode: 32-bit

CDS archive(s) mapped at: [0x000001f800000000-0x000001f800ba0000-0x000001f800ba0000), size 12189696, SharedBaseAddress: 0x000001f800000000, ArchiveRelocationMode: 1.
Compressed class space mapped at: 0x000001f801000000-0x000001f841000000, reserved size: 1073741824
Narrow klass base: 0x000001f800000000, Narrow klass shift: 0, Narrow klass range: 0x100000000

GC Precious Log:
 CardTable entry size: 512
 CPUs: 12 total, 12 available
 Memory: 5989M
 Large Page Support: Disabled
 NUMA Support: Disabled
 Compressed Oops: Enabled (32-bit)
 Alignments: Space 512K, Generation 512K, Heap 2M
 Heap Min Capacity: 100M
 Heap Initial Capacity: 100M
 Heap Max Capacity: 2G
 Pre-touch: Disabled
 Parallel Workers: 10

Heap:
 PSYoungGen      total 6144K, used 1000K [0x00000000d5580000, 0x00000000d5c80000, 0x0000000100000000)
  eden space 5120K, 0% used [0x00000000d5580000,0x00000000d5580000,0x00000000d5a80000)
  from space 1024K, 97% used [0x00000000d5a80000,0x00000000d5b7a050,0x00000000d5b80000)
  to   space 1024K, 0% used [0x00000000d5b80000,0x00000000d5b80000,0x00000000d5c80000)
 ParOldGen       total 230912K, used 230731K [0x0000000080000000, 0x000000008e180000, 0x00000000d5580000)
  object space 230912K, 99% used [0x0000000080000000,0x000000008e152f58,0x000000008e180000)
 Metaspace       used 56485K, committed 57920K, reserved 1114112K
  class space    used 6109K, committed 6720K, reserved 1048576K

Card table byte_map: [0x000001f8521b0000,0x000001f8525c0000] _byte_map_base: 0x000001f851db0000

Marking Bits: (ParMarkBitMap*) 0x00007ffc40342460
 Begin Bits: [0x000001f864cc0000, 0x000001f866cc0000)
 End Bits:   [0x000001f866cc0000, 0x000001f868cc0000)

Polling page: 0x000001f8509d0000

Metaspace:

Usage:
  Non-class:     49.20 MB used.
      Class:      5.97 MB used.
       Both:     55.16 MB used.

Virtual space:
  Non-class space:       64.00 MB reserved,      50.00 MB ( 78%) committed,  1 nodes.
      Class space:        1.00 GB reserved,       6.56 MB ( <1%) committed,  1 nodes.
             Both:        1.06 GB reserved,      56.56 MB (  5%) committed. 

Chunk freelists:
   Non-Class:  13.31 MB
       Class:  9.38 MB
        Both:  22.69 MB

MaxMetaspaceSize: unlimited
CompressedClassSpaceSize: 1.00 GB
Initial GC threshold: 21.00 MB
Current GC threshold: 58.38 MB
CDS: on
 - commit_granule_bytes: 65536.
 - commit_granule_words: 8192.
 - virtual_space_node_default_size: 8388608.
 - enlarge_chunks_in_place: 1.
 - use_allocation_guard: 0.


Internal statistics:

num_allocs_failed_limit: 8.
num_arena_births: 1110.
num_arena_deaths: 14.
num_vsnodes_births: 2.
num_vsnodes_deaths: 0.
num_space_committed: 905.
num_space_uncommitted: 0.
num_chunks_returned_to_freelist: 22.
num_chunks_taken_from_freelist: 3788.
num_chunk_merges: 9.
num_chunk_splits: 2309.
num_chunks_enlarged: 1247.
num_inconsistent_stats: 0.

CodeHeap 'non-profiled nmethods': size=120000Kb used=6616Kb max_used=6616Kb free=113383Kb
 bounds [0x000001f85d4e0000, 0x000001f85db60000, 0x000001f864a10000]
CodeHeap 'profiled nmethods': size=120000Kb used=19469Kb max_used=19469Kb free=100530Kb
 bounds [0x000001f855a10000, 0x000001f856d20000, 0x000001f85cf40000]
CodeHeap 'non-nmethods': size=5760Kb used=1414Kb max_used=1480Kb free=4345Kb
 bounds [0x000001f85cf40000, 0x000001f85d1b0000, 0x000001f85d4e0000]
CodeCache: size=245760Kb, used=27499Kb, max_used=27565Kb, free=218258Kb
 total_blobs=9344, nmethods=8617, adapters=633, full_count=0
Compilation: enabled, stopped_count=0, restarted_count=0

Compilation events (20 events):
Event: 71.885 Thread 0x000001f86a64dff0 nmethod 9209 0x000001f856d0d490 code [0x000001f856d0d620, 0x000001f856d0d758]
Event: 71.885 Thread 0x000001f86a64dff0 9210       2       org.eclipse.sisu.wire.EntryListAdapter$ValueIterator::hasNext (10 bytes)
Event: 71.885 Thread 0x000001f86a64dff0 nmethod 9210 0x000001f856d0d810 code [0x000001f856d0d9c0, 0x000001f856d0daf8]
Event: 71.885 Thread 0x000001f86a64dff0 9211       2       java.util.Collections$SynchronizedCollection::<init> (24 bytes)
Event: 71.886 Thread 0x000001f86a64dff0 nmethod 9211 0x000001f856d0db90 code [0x000001f856d0dd60, 0x000001f856d0e070]
Event: 71.886 Thread 0x000001f86a64dff0 9212       2       java.lang.Character::isJavaIdentifierStart (9 bytes)
Event: 71.886 Thread 0x000001f86a64dff0 nmethod 9212 0x000001f856d0e210 code [0x000001f856d0e3c0, 0x000001f856d0e500]
Event: 71.886 Thread 0x000001f86a64dff0 9213       2       java.lang.CharacterDataLatin1::isJavaIdentifierStart (23 bytes)
Event: 71.887 Thread 0x000001f86a64dff0 nmethod 9213 0x000001f856d0e590 code [0x000001f856d0e720, 0x000001f856d0e878]
Event: 71.887 Thread 0x000001f86a64dff0 9214       2       java.util.TreeMap$KeySet::iterator (32 bytes)
Event: 71.887 Thread 0x000001f86a64dff0 nmethod 9214 0x000001f856d0e990 code [0x000001f856d0eb60, 0x000001f856d0eec8]
Event: 71.887 Thread 0x000001f86a64dff0 9217       1       org.eclipse.aether.artifact.DefaultArtifact::getVersion (5 bytes)
Event: 71.888 Thread 0x000001f86a64dff0 nmethod 9217 0x000001f85db55790 code [0x000001f85db55920, 0x000001f85db559e8]
Event: 71.888 Thread 0x000001f86a64dff0 9215       2       java.util.TreeMap::keyIterator (13 bytes)
Event: 71.888 Thread 0x000001f86a64dff0 nmethod 9215 0x000001f856d0f090 code [0x000001f856d0f240, 0x000001f856d0f460]
Event: 71.888 Thread 0x000001f86a64dff0 9216       2       java.util.TreeMap$KeyIterator::<init> (7 bytes)
Event: 71.888 Thread 0x000001f86a64dff0 nmethod 9216 0x000001f856d0f590 code [0x000001f856d0f720, 0x000001f856d0f870]
Event: 71.895 Thread 0x000001f86a64dff0 9218       2       org.eclipse.jdt.internal.core.index.MemoryIndex::<init> (37 bytes)
Event: 71.896 Thread 0x000001f86a64dff0 nmethod 9218 0x000001f856d0f990 code [0x000001f856d0fb40, 0x000001f856d0fdb0]
Event: 71.896 Thread 0x000001f86a64dff0 9219       2       org.eclipse.jdt.internal.core.index.DiskIndex::<init> (22 bytes)

GC Heap History (20 events):
Event: 71.224 GC heap before
{Heap before GC invocations=144 (full 2):
 PSYoungGen      total 6656K, used 6149K [0x00000000d5580000, 0x00000000d5d80000, 0x0000000100000000)
  eden space 5120K, 100% used [0x00000000d5580000,0x00000000d5a80000,0x00000000d5a80000)
  from space 1536K, 66% used [0x00000000d5a80000,0x00000000d5b81450,0x00000000d5c00000)
  to   space 1536K, 0% used [0x00000000d5c00000,0x00000000d5c00000,0x00000000d5d80000)
 ParOldGen       total 219648K, used 219320K [0x0000000080000000, 0x000000008d680000, 0x00000000d5580000)
  object space 219648K, 99% used [0x0000000080000000,0x000000008d62e148,0x000000008d680000)
 Metaspace       used 55738K, committed 57152K, reserved 1114112K
  class space    used 6033K, committed 6656K, reserved 1048576K
}
Event: 71.229 GC heap after
{Heap after GC invocations=144 (full 2):
 PSYoungGen      total 6656K, used 1040K [0x00000000d5580000, 0x00000000d5d80000, 0x0000000100000000)
  eden space 5120K, 0% used [0x00000000d5580000,0x00000000d5580000,0x00000000d5a80000)
  from space 1536K, 67% used [0x00000000d5c00000,0x00000000d5d040f8,0x00000000d5d80000)
  to   space 1536K, 0% used [0x00000000d5a80000,0x00000000d5a80000,0x00000000d5c00000)
 ParOldGen       total 220160K, used 220133K [0x0000000080000000, 0x000000008d700000, 0x00000000d5580000)
  object space 220160K, 99% used [0x0000000080000000,0x000000008d6f96f0,0x000000008d700000)
 Metaspace       used 55738K, committed 57152K, reserved 1114112K
  class space    used 6033K, committed 6656K, reserved 1048576K
}
Event: 71.303 GC heap before
{Heap before GC invocations=145 (full 2):
 PSYoungGen      total 6656K, used 6160K [0x00000000d5580000, 0x00000000d5d80000, 0x0000000100000000)
  eden space 5120K, 100% used [0x00000000d5580000,0x00000000d5a80000,0x00000000d5a80000)
  from space 1536K, 67% used [0x00000000d5c00000,0x00000000d5d040f8,0x00000000d5d80000)
  to   space 1536K, 0% used [0x00000000d5a80000,0x00000000d5a80000,0x00000000d5c00000)
 ParOldGen       total 220160K, used 220133K [0x0000000080000000, 0x000000008d700000, 0x00000000d5580000)
  object space 220160K, 99% used [0x0000000080000000,0x000000008d6f96f0,0x000000008d700000)
 Metaspace       used 55873K, committed 57344K, reserved 1114112K
  class space    used 6052K, committed 6720K, reserved 1048576K
}
Event: 71.309 GC heap after
{Heap after GC invocations=145 (full 2):
 PSYoungGen      total 6656K, used 1204K [0x00000000d5580000, 0x00000000d5d80000, 0x0000000100000000)
  eden space 5120K, 0% used [0x00000000d5580000,0x00000000d5580000,0x00000000d5a80000)
  from space 1536K, 78% used [0x00000000d5a80000,0x00000000d5bad140,0x00000000d5c00000)
  to   space 1536K, 0% used [0x00000000d5c00000,0x00000000d5c00000,0x00000000d5d80000)
 ParOldGen       total 221184K, used 221070K [0x0000000080000000, 0x000000008d800000, 0x00000000d5580000)
  object space 221184K, 99% used [0x0000000080000000,0x000000008d7e3a68,0x000000008d800000)
 Metaspace       used 55873K, committed 57344K, reserved 1114112K
  class space    used 6052K, committed 6720K, reserved 1048576K
}
Event: 71.368 GC heap before
{Heap before GC invocations=146 (full 2):
 PSYoungGen      total 6656K, used 6324K [0x00000000d5580000, 0x00000000d5d80000, 0x0000000100000000)
  eden space 5120K, 100% used [0x00000000d5580000,0x00000000d5a80000,0x00000000d5a80000)
  from space 1536K, 78% used [0x00000000d5a80000,0x00000000d5bad140,0x00000000d5c00000)
  to   space 1536K, 0% used [0x00000000d5c00000,0x00000000d5c00000,0x00000000d5d80000)
 ParOldGen       total 221184K, used 221070K [0x0000000080000000, 0x000000008d800000, 0x00000000d5580000)
  object space 221184K, 99% used [0x0000000080000000,0x000000008d7e3a68,0x000000008d800000)
 Metaspace       used 55904K, committed 57344K, reserved 1114112K
  class space    used 6058K, committed 6720K, reserved 1048576K
}
Event: 71.373 GC heap after
{Heap after GC invocations=146 (full 2):
 PSYoungGen      total 6656K, used 1262K [0x00000000d5580000, 0x00000000d5d80000, 0x0000000100000000)
  eden space 5120K, 0% used [0x00000000d5580000,0x00000000d5580000,0x00000000d5a80000)
  from space 1536K, 82% used [0x00000000d5c00000,0x00000000d5d3bac0,0x00000000d5d80000)
  to   space 1536K, 0% used [0x00000000d5a80000,0x00000000d5a80000,0x00000000d5c00000)
 ParOldGen       total 222208K, used 222037K [0x0000000080000000, 0x000000008d900000, 0x00000000d5580000)
  object space 222208K, 99% used [0x0000000080000000,0x000000008d8d54b8,0x000000008d900000)
 Metaspace       used 55904K, committed 57344K, reserved 1114112K
  class space    used 6058K, committed 6720K, reserved 1048576K
}
Event: 71.435 GC heap before
{Heap before GC invocations=147 (full 2):
 PSYoungGen      total 6656K, used 6382K [0x00000000d5580000, 0x00000000d5d80000, 0x0000000100000000)
  eden space 5120K, 100% used [0x00000000d5580000,0x00000000d5a80000,0x00000000d5a80000)
  from space 1536K, 82% used [0x00000000d5c00000,0x00000000d5d3bac0,0x00000000d5d80000)
  to   space 1536K, 0% used [0x00000000d5a80000,0x00000000d5a80000,0x00000000d5c00000)
 ParOldGen       total 222208K, used 222037K [0x0000000080000000, 0x000000008d900000, 0x00000000d5580000)
  object space 222208K, 99% used [0x0000000080000000,0x000000008d8d54b8,0x000000008d900000)
 Metaspace       used 56008K, committed 57472K, reserved 1114112K
  class space    used 6073K, committed 6720K, reserved 1048576K
}
Event: 71.440 GC heap after
{Heap after GC invocations=147 (full 2):
 PSYoungGen      total 6656K, used 1384K [0x00000000d5580000, 0x00000000d5d80000, 0x0000000100000000)
  eden space 5120K, 0% used [0x00000000d5580000,0x00000000d5580000,0x00000000d5a80000)
  from space 1536K, 90% used [0x00000000d5a80000,0x00000000d5bda0c0,0x00000000d5c00000)
  to   space 1536K, 0% used [0x00000000d5c00000,0x00000000d5c00000,0x00000000d5d80000)
 ParOldGen       total 223232K, used 223169K [0x0000000080000000, 0x000000008da00000, 0x00000000d5580000)
  object space 223232K, 99% used [0x0000000080000000,0x000000008d9f04e0,0x000000008da00000)
 Metaspace       used 56008K, committed 57472K, reserved 1114112K
  class space    used 6073K, committed 6720K, reserved 1048576K
}
Event: 71.510 GC heap before
{Heap before GC invocations=148 (full 2):
 PSYoungGen      total 6656K, used 6504K [0x00000000d5580000, 0x00000000d5d80000, 0x0000000100000000)
  eden space 5120K, 99% used [0x00000000d5580000,0x00000000d5a7ffc0,0x00000000d5a80000)
  from space 1536K, 90% used [0x00000000d5a80000,0x00000000d5bda0c0,0x00000000d5c00000)
  to   space 1536K, 0% used [0x00000000d5c00000,0x00000000d5c00000,0x00000000d5d80000)
 ParOldGen       total 223232K, used 223169K [0x0000000080000000, 0x000000008da00000, 0x00000000d5580000)
  object space 223232K, 99% used [0x0000000080000000,0x000000008d9f04e0,0x000000008da00000)
 Metaspace       used 56183K, committed 57600K, reserved 1114112K
  class space    used 6087K, committed 6720K, reserved 1048576K
}
Event: 71.515 GC heap after
{Heap after GC invocations=148 (full 2):
 PSYoungGen      total 6656K, used 1074K [0x00000000d5580000, 0x00000000d5d80000, 0x0000000100000000)
  eden space 5120K, 0% used [0x00000000d5580000,0x00000000d5580000,0x00000000d5a80000)
  from space 1536K, 69% used [0x00000000d5c00000,0x00000000d5d0c978,0x00000000d5d80000)
  to   space 1536K, 0% used [0x00000000d5a80000,0x00000000d5a80000,0x00000000d5c00000)
 ParOldGen       total 224768K, used 224442K [0x0000000080000000, 0x000000008db80000, 0x00000000d5580000)
  object space 224768K, 99% used [0x0000000080000000,0x000000008db2e938,0x000000008db80000)
 Metaspace       used 56183K, committed 57600K, reserved 1114112K
  class space    used 6087K, committed 6720K, reserved 1048576K
}
Event: 71.586 GC heap before
{Heap before GC invocations=149 (full 2):
 PSYoungGen      total 6656K, used 6194K [0x00000000d5580000, 0x00000000d5d80000, 0x0000000100000000)
  eden space 5120K, 100% used [0x00000000d5580000,0x00000000d5a80000,0x00000000d5a80000)
  from space 1536K, 69% used [0x00000000d5c00000,0x00000000d5d0c978,0x00000000d5d80000)
  to   space 1536K, 0% used [0x00000000d5a80000,0x00000000d5a80000,0x00000000d5c00000)
 ParOldGen       total 224768K, used 224442K [0x0000000080000000, 0x000000008db80000, 0x00000000d5580000)
  object space 224768K, 99% used [0x0000000080000000,0x000000008db2e938,0x000000008db80000)
 Metaspace       used 56266K, committed 57664K, reserved 1114112K
  class space    used 6098K, committed 6720K, reserved 1048576K
}
Event: 71.591 GC heap after
{Heap after GC invocations=149 (full 2):
 PSYoungGen      total 6656K, used 1301K [0x00000000d5580000, 0x00000000d5d80000, 0x0000000100000000)
  eden space 5120K, 0% used [0x00000000d5580000,0x00000000d5580000,0x00000000d5a80000)
  from space 1536K, 84% used [0x00000000d5a80000,0x00000000d5bc55d8,0x00000000d5c00000)
  to   space 1536K, 0% used [0x00000000d5c00000,0x00000000d5c00000,0x00000000d5d80000)
 ParOldGen       total 225792K, used 225350K [0x0000000080000000, 0x000000008dc80000, 0x00000000d5580000)
  object space 225792K, 99% used [0x0000000080000000,0x000000008dc11bf0,0x000000008dc80000)
 Metaspace       used 56266K, committed 57664K, reserved 1114112K
  class space    used 6098K, committed 6720K, reserved 1048576K
}
Event: 71.651 GC heap before
{Heap before GC invocations=150 (full 2):
 PSYoungGen      total 6656K, used 6364K [0x00000000d5580000, 0x00000000d5d80000, 0x0000000100000000)
  eden space 5120K, 98% used [0x00000000d5580000,0x00000000d5a71c08,0x00000000d5a80000)
  from space 1536K, 84% used [0x00000000d5a80000,0x00000000d5bc55d8,0x00000000d5c00000)
  to   space 1536K, 0% used [0x00000000d5c00000,0x00000000d5c00000,0x00000000d5d80000)
 ParOldGen       total 225792K, used 225350K [0x0000000080000000, 0x000000008dc80000, 0x00000000d5580000)
  object space 225792K, 99% used [0x0000000080000000,0x000000008dc11bf0,0x000000008dc80000)
 Metaspace       used 56289K, committed 57728K, reserved 1114112K
  class space    used 6099K, committed 6720K, reserved 1048576K
}
Event: 71.656 GC heap after
{Heap after GC invocations=150 (full 2):
 PSYoungGen      total 6656K, used 1327K [0x00000000d5580000, 0x00000000d5d80000, 0x0000000100000000)
  eden space 5120K, 0% used [0x00000000d5580000,0x00000000d5580000,0x00000000d5a80000)
  from space 1536K, 86% used [0x00000000d5c00000,0x00000000d5d4be60,0x00000000d5d80000)
  to   space 1536K, 0% used [0x00000000d5a80000,0x00000000d5a80000,0x00000000d5c00000)
 ParOldGen       total 226816K, used 226408K [0x0000000080000000, 0x000000008dd80000, 0x00000000d5580000)
  object space 226816K, 99% used [0x0000000080000000,0x000000008dd1a278,0x000000008dd80000)
 Metaspace       used 56289K, committed 57728K, reserved 1114112K
  class space    used 6099K, committed 6720K, reserved 1048576K
}
Event: 71.710 GC heap before
{Heap before GC invocations=151 (full 2):
 PSYoungGen      total 6656K, used 6447K [0x00000000d5580000, 0x00000000d5d80000, 0x0000000100000000)
  eden space 5120K, 100% used [0x00000000d5580000,0x00000000d5a80000,0x00000000d5a80000)
  from space 1536K, 86% used [0x00000000d5c00000,0x00000000d5d4be60,0x00000000d5d80000)
  to   space 1536K, 0% used [0x00000000d5a80000,0x00000000d5a80000,0x00000000d5c00000)
 ParOldGen       total 226816K, used 226408K [0x0000000080000000, 0x000000008dd80000, 0x00000000d5580000)
  object space 226816K, 99% used [0x0000000080000000,0x000000008dd1a278,0x000000008dd80000)
 Metaspace       used 56425K, committed 57856K, reserved 1114112K
  class space    used 6106K, committed 6720K, reserved 1048576K
}
Event: 71.714 GC heap after
{Heap after GC invocations=151 (full 2):
 PSYoungGen      total 6656K, used 992K [0x00000000d5580000, 0x00000000d5d80000, 0x0000000100000000)
  eden space 5120K, 0% used [0x00000000d5580000,0x00000000d5580000,0x00000000d5a80000)
  from space 1536K, 64% used [0x00000000d5a80000,0x00000000d5b78310,0x00000000d5c00000)
  to   space 1536K, 0% used [0x00000000d5c00000,0x00000000d5c00000,0x00000000d5d80000)
 ParOldGen       total 227840K, used 227514K [0x0000000080000000, 0x000000008de80000, 0x00000000d5580000)
  object space 227840K, 99% used [0x0000000080000000,0x000000008de2eae8,0x000000008de80000)
 Metaspace       used 56425K, committed 57856K, reserved 1114112K
  class space    used 6106K, committed 6720K, reserved 1048576K
}
Event: 71.751 GC heap before
{Heap before GC invocations=152 (full 2):
 PSYoungGen      total 6656K, used 6112K [0x00000000d5580000, 0x00000000d5d80000, 0x0000000100000000)
  eden space 5120K, 100% used [0x00000000d5580000,0x00000000d5a80000,0x00000000d5a80000)
  from space 1536K, 64% used [0x00000000d5a80000,0x00000000d5b78310,0x00000000d5c00000)
  to   space 1536K, 0% used [0x00000000d5c00000,0x00000000d5c00000,0x00000000d5d80000)
 ParOldGen       total 227840K, used 227514K [0x0000000080000000, 0x000000008de80000, 0x00000000d5580000)
  object space 227840K, 99% used [0x0000000080000000,0x000000008de2eae8,0x000000008de80000)
 Metaspace       used 56452K, committed 57856K, reserved 1114112K
  class space    used 6109K, committed 6720K, reserved 1048576K
}
Event: 71.756 GC heap after
{Heap after GC invocations=152 (full 2):
 PSYoungGen      total 6656K, used 1373K [0x00000000d5580000, 0x00000000d5d80000, 0x0000000100000000)
  eden space 5120K, 0% used [0x00000000d5580000,0x00000000d5580000,0x00000000d5a80000)
  from space 1536K, 89% used [0x00000000d5c00000,0x00000000d5d57498,0x00000000d5d80000)
  to   space 1536K, 0% used [0x00000000d5a80000,0x00000000d5a80000,0x00000000d5c00000)
 ParOldGen       total 228864K, used 228381K [0x0000000080000000, 0x000000008df80000, 0x00000000d5580000)
  object space 228864K, 99% used [0x0000000080000000,0x000000008df077d8,0x000000008df80000)
 Metaspace       used 56452K, committed 57856K, reserved 1114112K
  class space    used 6109K, committed 6720K, reserved 1048576K
}
Event: 71.799 GC heap before
{Heap before GC invocations=153 (full 2):
 PSYoungGen      total 6656K, used 6493K [0x00000000d5580000, 0x00000000d5d80000, 0x0000000100000000)
  eden space 5120K, 100% used [0x00000000d5580000,0x00000000d5a80000,0x00000000d5a80000)
  from space 1536K, 89% used [0x00000000d5c00000,0x00000000d5d57498,0x00000000d5d80000)
  to   space 1536K, 0% used [0x00000000d5a80000,0x00000000d5a80000,0x00000000d5c00000)
 ParOldGen       total 228864K, used 228381K [0x0000000080000000, 0x000000008df80000, 0x00000000d5580000)
  object space 228864K, 99% used [0x0000000080000000,0x000000008df077d8,0x000000008df80000)
 Metaspace       used 56466K, committed 57856K, reserved 1114112K
  class space    used 6109K, committed 6720K, reserved 1048576K
}
Event: 71.804 GC heap after
{Heap after GC invocations=153 (full 2):
 PSYoungGen      total 6144K, used 817K [0x00000000d5580000, 0x00000000d5c80000, 0x0000000100000000)
  eden space 5120K, 0% used [0x00000000d5580000,0x00000000d5580000,0x00000000d5a80000)
  from space 1024K, 79% used [0x00000000d5a80000,0x00000000d5b4c7b8,0x00000000d5b80000)
  to   space 1024K, 0% used [0x00000000d5b80000,0x00000000d5b80000,0x00000000d5c80000)
 ParOldGen       total 229888K, used 229583K [0x0000000080000000, 0x000000008e080000, 0x00000000d5580000)
  object space 229888K, 99% used [0x0000000080000000,0x000000008e033de8,0x000000008e080000)
 Metaspace       used 56466K, committed 57856K, reserved 1114112K
  class space    used 6109K, committed 6720K, reserved 1048576K
}

Dll operation events (10 events):
Event: 0.240 Loaded shared library c:\Users\Ali_Aman_Khan\.antigravity\extensions\redhat.java-1.52.0-win32-x64\jre\21.0.9-win32-x86_64\bin\java.dll
Event: 1.053 Loaded shared library c:\Users\Ali_Aman_Khan\.antigravity\extensions\redhat.java-1.52.0-win32-x64\jre\21.0.9-win32-x86_64\bin\zip.dll
Event: 1.442 Loaded shared library C:\Users\Ali_Aman_Khan\.antigravity\extensions\redhat.java-1.52.0-win32-x64\jre\21.0.9-win32-x86_64\bin\instrument.dll
Event: 1.477 Loaded shared library C:\Users\Ali_Aman_Khan\.antigravity\extensions\redhat.java-1.52.0-win32-x64\jre\21.0.9-win32-x86_64\bin\net.dll
Event: 1.658 Loaded shared library C:\Users\Ali_Aman_Khan\.antigravity\extensions\redhat.java-1.52.0-win32-x64\jre\21.0.9-win32-x86_64\bin\nio.dll
Event: 1.677 Loaded shared library C:\Users\Ali_Aman_Khan\.antigravity\extensions\redhat.java-1.52.0-win32-x64\jre\21.0.9-win32-x86_64\bin\zip.dll
Event: 1.813 Loaded shared library C:\Users\Ali_Aman_Khan\.antigravity\extensions\redhat.java-1.52.0-win32-x64\jre\21.0.9-win32-x86_64\bin\jimage.dll
Event: 3.291 Loaded shared library c:\Users\Ali_Aman_Khan\.antigravity\extensions\redhat.java-1.52.0-win32-x64\jre\21.0.9-win32-x86_64\bin\verify.dll
Event: 13.100 Loaded shared library C:\Users\Ali_Aman_Khan\AppData\Roaming\Antigravity\User\globalStorage\redhat.java\1.52.0\config_win\org.eclipse.equinox.launcher\org.eclipse.equinox.launcher.win32.win32.x86_64_1.2.1500.v20260121-1430\eclipse_11919.dll
Event: 26.654 Loaded shared library C:\Users\Ali_Aman_Khan\AppData\Local\Temp\jna-869592047\jna438437599159408425.dll

Deoptimization events (20 events):
Event: 71.828 Thread 0x000001f8705b46d0 DEOPT PACKING pc=0x000001f856c13d2c sp=0x000000d24c9febd0
Event: 71.828 Thread 0x000001f8705b46d0 DEOPT UNPACKING pc=0x000001f85cf94242 sp=0x000000d24c9fe038 mode 0
Event: 71.845 Thread 0x000001f8705b1250 DEOPT PACKING pc=0x000001f856a768ce sp=0x000000d24c5fe270
Event: 71.845 Thread 0x000001f8705b1250 DEOPT UNPACKING pc=0x000001f85cf94242 sp=0x000000d24c5fd7f0 mode 0
Event: 71.884 Thread 0x000001f8705b1250 DEOPT PACKING pc=0x000001f856a768ce sp=0x000000d24c5fe270
Event: 71.884 Thread 0x000001f8705b1250 DEOPT UNPACKING pc=0x000001f85cf94242 sp=0x000000d24c5fd7f0 mode 0
Event: 71.886 Thread 0x000001f8705b1250 DEOPT PACKING pc=0x000001f856a768ce sp=0x000000d24c5fe270
Event: 71.886 Thread 0x000001f8705b1250 DEOPT UNPACKING pc=0x000001f85cf94242 sp=0x000000d24c5fd7f0 mode 0
Event: 71.887 Thread 0x000001f8705b39b0 Uncommon trap: trap_request=0xffffff45 fr.pc=0x000001f85da8e120 relative=0x0000000000000100
Event: 71.887 Thread 0x000001f8705b39b0 Uncommon trap: reason=unstable_if action=reinterpret pc=0x000001f85da8e120 method=java.lang.ThreadLocal$ThreadLocalMap.getEntryAfterMiss(Ljava/lang/ThreadLocal;ILjava/lang/ThreadLocal$ThreadLocalMap$Entry;)Ljava/lang/ThreadLocal$ThreadLocalMap$Entry; @ 30
Event: 71.887 Thread 0x000001f8705b39b0 DEOPT PACKING pc=0x000001f85da8e120 sp=0x000000d24c4fdb40
Event: 71.887 Thread 0x000001f8705b39b0 DEOPT UNPACKING pc=0x000001f85cf93aa2 sp=0x000000d24c4fdac0 mode 2
Event: 71.888 Thread 0x000001f8705b1250 DEOPT PACKING pc=0x000001f856a768ce sp=0x000000d24c5fe270
Event: 71.888 Thread 0x000001f8705b1250 DEOPT UNPACKING pc=0x000001f85cf94242 sp=0x000000d24c5fd7f0 mode 0
Event: 71.890 Thread 0x000001f8705b1250 DEOPT PACKING pc=0x000001f856a768ce sp=0x000000d24c5fe270
Event: 71.890 Thread 0x000001f8705b1250 DEOPT UNPACKING pc=0x000001f85cf94242 sp=0x000000d24c5fd7f0 mode 0
Event: 71.892 Thread 0x000001f8705b1250 DEOPT PACKING pc=0x000001f856a768ce sp=0x000000d24c5fe270
Event: 71.892 Thread 0x000001f8705b1250 DEOPT UNPACKING pc=0x000001f85cf94242 sp=0x000000d24c5fd7f0 mode 0
Event: 71.893 Thread 0x000001f8705b1250 DEOPT PACKING pc=0x000001f856a768ce sp=0x000000d24c5fe270
Event: 71.893 Thread 0x000001f8705b1250 DEOPT UNPACKING pc=0x000001f85cf94242 sp=0x000000d24c5fd7f0 mode 0

Classes loaded (20 events):
Event: 62.752 Loading class java/util/Collections$SynchronizedList done
Event: 62.752 Loading class java/util/Collections$SynchronizedRandomAccessList done
Event: 62.867 Loading class java/util/concurrent/CompletableFuture$Signaller
Event: 62.869 Loading class java/util/concurrent/CompletableFuture$Signaller done
Event: 63.715 Loading class java/util/AbstractList$ListItr
Event: 63.717 Loading class java/util/AbstractList$ListItr done
Event: 66.386 Loading class java/util/Vector$1
Event: 66.387 Loading class java/util/Vector$1 done
Event: 67.741 Loading class java/util/regex/Pattern$Caret
Event: 67.742 Loading class java/util/regex/Pattern$Caret done
Event: 69.233 Loading class java/util/Hashtable$ValueCollection
Event: 69.274 Loading class java/util/Hashtable$ValueCollection done
Event: 70.388 Loading class java/nio/charset/CharacterCodingException
Event: 70.390 Loading class java/nio/charset/CharacterCodingException done
Event: 70.391 Loading class java/io/SequenceInputStream
Event: 70.392 Loading class java/io/SequenceInputStream done
Event: 70.565 Loading class java/util/WeakHashMap$KeyIterator
Event: 70.566 Loading class java/util/WeakHashMap$KeyIterator done
Event: 70.822 Loading class java/util/Hashtable$KeySet
Event: 70.824 Loading class java/util/Hashtable$KeySet done

Classes unloaded (7 events):
Event: 40.437 Thread 0x000001f8528b7330 Unloading class 0x000001f8011a7400 'java/lang/invoke/LambdaForm$MH+0x000001f8011a7400'
Event: 40.438 Thread 0x000001f8528b7330 Unloading class 0x000001f8011a7000 'java/lang/invoke/LambdaForm$MH+0x000001f8011a7000'
Event: 40.438 Thread 0x000001f8528b7330 Unloading class 0x000001f8011a6c00 'java/lang/invoke/LambdaForm$MH+0x000001f8011a6c00'
Event: 40.438 Thread 0x000001f8528b7330 Unloading class 0x000001f8011a6800 'java/lang/invoke/LambdaForm$MH+0x000001f8011a6800'
Event: 40.438 Thread 0x000001f8528b7330 Unloading class 0x000001f8011a6400 'java/lang/invoke/LambdaForm$BMH+0x000001f8011a6400'
Event: 40.438 Thread 0x000001f8528b7330 Unloading class 0x000001f8011a6000 'java/lang/invoke/LambdaForm$DMH+0x000001f8011a6000'
Event: 40.438 Thread 0x000001f8528b7330 Unloading class 0x000001f8011a4c00 'java/lang/invoke/LambdaForm$DMH+0x000001f8011a4c00'

Classes redefined (0 events):
No events

Internal exceptions (20 events):
Event: 70.482 Thread 0x000001f870e82410 Exception <a 'java/io/FileNotFoundException'{0x00000000d58f7f28}> (0x00000000d58f7f28) 
thrown [s\src\hotspot\share\prims\jni.cpp, line 520]
Event: 70.484 Thread 0x000001f870e82410 Exception <a 'java/io/FileNotFoundException'{0x00000000d5987d68}> (0x00000000d5987d68) 
thrown [s\src\hotspot\share\prims\jni.cpp, line 520]
Event: 70.617 Thread 0x000001f870e82410 Exception <a 'sun/nio/fs/WindowsException'{0x00000000d5580990}> (0x00000000d5580990) 
thrown [s\src\hotspot\share\prims\jni.cpp, line 520]
Event: 70.619 Thread 0x000001f870e82410 Exception <a 'sun/nio/fs/WindowsException'{0x00000000d5580fc0}> (0x00000000d5580fc0) 
thrown [s\src\hotspot\share\prims\jni.cpp, line 520]
Event: 70.630 Thread 0x000001f870e82410 Exception <a 'sun/nio/fs/WindowsException'{0x00000000d568a8d0}> (0x00000000d568a8d0) 
thrown [s\src\hotspot\share\prims\jni.cpp, line 520]
Event: 70.630 Thread 0x000001f870e82410 Exception <a 'sun/nio/fs/WindowsException'{0x00000000d56d0650}> (0x00000000d56d0650) 
thrown [s\src\hotspot\share\prims\jni.cpp, line 520]
Event: 70.827 Thread 0x000001f8705b39b0 Exception <a 'java/io/FileNotFoundException'{0x00000000d588cb28}> (0x00000000d588cb28) 
thrown [s\src\hotspot\share\prims\jni.cpp, line 520]
Event: 70.829 Thread 0x000001f8705b39b0 Exception <a 'java/io/FileNotFoundException'{0x00000000d588dba0}> (0x00000000d588dba0) 
thrown [s\src\hotspot\share\prims\jni.cpp, line 520]
Event: 70.829 Thread 0x000001f8705b39b0 Exception <a 'java/io/FileNotFoundException'{0x00000000d588e958}> (0x00000000d588e958) 
thrown [s\src\hotspot\share\prims\jni.cpp, line 520]
Event: 70.913 Thread 0x000001f8705b39b0 Exception <a 'sun/nio/fs/WindowsException'{0x00000000d55a61b0}> (0x00000000d55a61b0) 
thrown [s\src\hotspot\share\prims\jni.cpp, line 520]
Event: 70.914 Thread 0x000001f8705b39b0 Exception <a 'sun/nio/fs/WindowsException'{0x00000000d55a67e0}> (0x00000000d55a67e0) 
thrown [s\src\hotspot\share\prims\jni.cpp, line 520]
Event: 70.916 Thread 0x000001f8705b39b0 Exception <a 'sun/nio/fs/WindowsException'{0x00000000d55cf4a8}> (0x00000000d55cf4a8) 
thrown [s\src\hotspot\share\prims\jni.cpp, line 520]
Event: 70.916 Thread 0x000001f8705b39b0 Exception <a 'sun/nio/fs/WindowsException'{0x00000000d55cfad8}> (0x00000000d55cfad8) 
thrown [s\src\hotspot\share\prims\jni.cpp, line 520]
Event: 70.930 Thread 0x000001f8705b39b0 Exception <a 'java/io/FileNotFoundException'{0x00000000d5697728}> (0x00000000d5697728) 
thrown [s\src\hotspot\share\prims\jni.cpp, line 520]
Event: 70.931 Thread 0x000001f8705b39b0 Exception <a 'java/io/FileNotFoundException'{0x00000000d5698508}> (0x00000000d5698508) 
thrown [s\src\hotspot\share\prims\jni.cpp, line 520]
Event: 70.949 Thread 0x000001f8705b39b0 Exception <a 'sun/nio/fs/WindowsException'{0x00000000d580b8e0}> (0x00000000d580b8e0) 
thrown [s\src\hotspot\share\prims\jni.cpp, line 520]
Event: 70.950 Thread 0x000001f8705b39b0 Exception <a 'sun/nio/fs/WindowsException'{0x00000000d580bf10}> (0x00000000d580bf10) 
thrown [s\src\hotspot\share\prims\jni.cpp, line 520]
Event: 71.050 Thread 0x000001f8705b4040 Exception <a 'java/lang/NoSuchMethodError'{0x00000000d5918f80}: 'java.lang.Object java.lang.invoke.DirectMethodHandle$Holder.invokeSpecial(java.lang.Object, java.lang.Object, int, long)'> (0x00000000d5918f80) 
thrown [s\src\hotspot\share\interpreter\linkResolver.cpp, line 773]
Event: 71.493 Thread 0x000001f8705b39b0 Exception <a 'java/lang/NoSuchMethodError'{0x00000000d59402e8}: 'void java.lang.invoke.DirectMethodHandle$Holder.invokeStatic(java.lang.Object, java.lang.Object, java.lang.Object, int)'> (0x00000000d59402e8) 
thrown [s\src\hotspot\share\interpreter\linkResolver.cpp, line 773]
Event: 71.522 Thread 0x000001f8705b39b0 Exception <a 'java/lang/NoSuchMethodError'{0x00000000d55c0a30}: 'void java.lang.invoke.DirectMethodHandle$Holder.invokeVirtual(java.lang.Object, java.lang.Object, int)'> (0x00000000d55c0a30) 
thrown [s\src\hotspot\share\interpreter\linkResolver.cpp, line 773]

ZGC Phase Switch (0 events):
No events

VM Operations (20 events):
Event: 71.224 Executing VM operation: ParallelGCFailedAllocation (Allocation Failure)
Event: 71.230 Executing VM operation: ParallelGCFailedAllocation (Allocation Failure) done
Event: 71.303 Executing VM operation: ParallelGCFailedAllocation (Allocation Failure)
Event: 71.309 Executing VM operation: ParallelGCFailedAllocation (Allocation Failure) done
Event: 71.367 Executing VM operation: ParallelGCFailedAllocation (Allocation Failure)
Event: 71.373 Executing VM operation: ParallelGCFailedAllocation (Allocation Failure) done
Event: 71.435 Executing VM operation: ParallelGCFailedAllocation (Allocation Failure)
Event: 71.441 Executing VM operation: ParallelGCFailedAllocation (Allocation Failure) done
Event: 71.509 Executing VM operation: ParallelGCFailedAllocation (Allocation Failure)
Event: 71.515 Executing VM operation: ParallelGCFailedAllocation (Allocation Failure) done
Event: 71.585 Executing VM operation: ParallelGCFailedAllocation (Allocation Failure)
Event: 71.592 Executing VM operation: ParallelGCFailedAllocation (Allocation Failure) done
Event: 71.650 Executing VM operation: ParallelGCFailedAllocation (Allocation Failure)
Event: 71.656 Executing VM operation: ParallelGCFailedAllocation (Allocation Failure) done
Event: 71.710 Executing VM operation: ParallelGCFailedAllocation (Allocation Failure)
Event: 71.715 Executing VM operation: ParallelGCFailedAllocation (Allocation Failure) done
Event: 71.751 Executing VM operation: ParallelGCFailedAllocation (Allocation Failure)
Event: 71.756 Executing VM operation: ParallelGCFailedAllocation (Allocation Failure) done
Event: 71.799 Executing VM operation: ParallelGCFailedAllocation (Allocation Failure)
Event: 71.805 Executing VM operation: ParallelGCFailedAllocation (Allocation Failure) done

Memory protections (0 events):
No events

Nmethod flushes (20 events):
Event: 47.721 Thread 0x000001f8528b7330 flushing  nmethod 0x000001f856018d10
Event: 47.721 Thread 0x000001f8528b7330 flushing  nmethod 0x000001f856032310
Event: 47.721 Thread 0x000001f8528b7330 flushing  nmethod 0x000001f856077a90
Event: 47.721 Thread 0x000001f8528b7330 flushing  nmethod 0x000001f856078f10
Event: 47.721 Thread 0x000001f8528b7330 flushing  nmethod 0x000001f856079810
Event: 47.721 Thread 0x000001f8528b7330 flushing  nmethod 0x000001f85607aa10
Event: 47.721 Thread 0x000001f8528b7330 flushing  nmethod 0x000001f85607b210
Event: 47.721 Thread 0x000001f8528b7330 flushing  nmethod 0x000001f85607cf10
Event: 47.721 Thread 0x000001f8528b7330 flushing  nmethod 0x000001f85607d410
Event: 47.721 Thread 0x000001f8528b7330 flushing  nmethod 0x000001f85607dd10
Event: 47.721 Thread 0x000001f8528b7330 flushing  nmethod 0x000001f85607ed10
Event: 47.721 Thread 0x000001f8528b7330 flushing  nmethod 0x000001f856081690
Event: 47.721 Thread 0x000001f8528b7330 flushing  nmethod 0x000001f856082310
Event: 47.721 Thread 0x000001f8528b7330 flushing  nmethod 0x000001f85608f990
Event: 47.721 Thread 0x000001f8528b7330 flushing  nmethod 0x000001f8560d6390
Event: 47.721 Thread 0x000001f8528b7330 flushing  nmethod 0x000001f8560e0810
Event: 47.721 Thread 0x000001f8528b7330 flushing  nmethod 0x000001f85612aa90
Event: 47.721 Thread 0x000001f8528b7330 flushing  nmethod 0x000001f856146590
Event: 47.721 Thread 0x000001f8528b7330 flushing  nmethod 0x000001f8561a3210
Event: 47.721 Thread 0x000001f8528b7330 flushing  nmethod 0x000001f8561a3690

Events (20 events):
Event: 49.305 Thread 0x000001f85281f310 Thread added: 0x000001f870e7ef90
Event: 49.306 Thread 0x000001f85281f310 Thread added: 0x000001f870e7d550
Event: 49.307 Thread 0x000001f85281f310 Thread added: 0x000001f870e7f620
Event: 49.307 Thread 0x000001f85281f310 Thread added: 0x000001f870e7c1a0
Event: 49.308 Thread 0x000001f85281f310 Thread added: 0x000001f870e7e270
Event: 49.308 Thread 0x000001f85281f310 Thread added: 0x000001f870e7dbe0
Event: 49.309 Thread 0x000001f85281f310 Thread added: 0x000001f870e7fcb0
Event: 49.314 Thread 0x000001f85281f310 Thread added: 0x000001f870e7c830
Event: 49.411 Thread 0x000001f85281f310 Thread added: 0x000001f870e80340
Event: 49.947 Thread 0x000001f85281f310 Thread added: 0x000001f870e7cec0
Event: 49.948 Thread 0x000001f85281f310 Thread added: 0x000001f870e82410
Event: 50.595 Thread 0x000001f871c3b0e0 Thread exited: 0x000001f871c3b0e0
Event: 50.638 Thread 0x000001f86b8c3880 Thread added: 0x000001f870ae6260
Event: 51.070 Thread 0x000001f870ae6260 Thread exited: 0x000001f870ae6260
Event: 51.316 Thread 0x000001f86b8c3880 Thread exited: 0x000001f86b8c3880
Event: 53.007 Thread 0x000001f86a64dff0 Thread added: 0x000001f87319b410
Event: 53.276 Thread 0x000001f86a64dff0 Thread added: 0x000001f87412c550
Event: 66.154 Thread 0x000001f87412c550 Thread exited: 0x000001f87412c550
Event: 66.876 Thread 0x000001f87319b410 Thread exited: 0x000001f87319b410
Event: 70.992 Thread 0x000001f8705b4040 Thread added: 0x000001f86a9ec960


Dynamic libraries:
0x00007ff7e75f0000 - 0x00007ff7e75fe000 	c:\Users\Ali_Aman_Khan\.antigravity\extensions\redhat.java-1.52.0-win32-x64\jre\21.0.9-win32-x86_64\bin\java.exe
0x00007ffcc2f80000 - 0x00007ffcc31e7000 	C:\WINDOWS\SYSTEM32\ntdll.dll
0x00007ffcc2260000 - 0x00007ffcc2329000 	C:\WINDOWS\System32\KERNEL32.DLL
0x00007ffcc0390000 - 0x00007ffcc077f000 	C:\WINDOWS\System32\KERNELBASE.dll
0x00007ffcbd130000 - 0x00007ffcbd1cf000 	C:\WINDOWS\SYSTEM32\apphelp.dll
0x00007ffcc0240000 - 0x00007ffcc038b000 	C:\WINDOWS\System32\ucrtbase.dll
0x00007ffcaefe0000 - 0x00007ffcaeff8000 	c:\Users\Ali_Aman_Khan\.antigravity\extensions\redhat.java-1.52.0-win32-x64\jre\21.0.9-win32-x86_64\bin\jli.dll
0x00007ffcc2a30000 - 0x00007ffcc2bf5000 	C:\WINDOWS\System32\USER32.dll
0x00007ffcc08d0000 - 0x00007ffcc08f7000 	C:\WINDOWS\System32\win32u.dll
0x00007ffcc0d20000 - 0x00007ffcc0d4b000 	C:\WINDOWS\System32\GDI32.dll
0x00007ffcaece0000 - 0x00007ffcaecfe000 	c:\Users\Ali_Aman_Khan\.antigravity\extensions\redhat.java-1.52.0-win32-x64\jre\21.0.9-win32-x86_64\bin\VCRUNTIME140.dll
0x00007ffcac9a0000 - 0x00007ffcacc33000 	C:\WINDOWS\WinSxS\amd64_microsoft.windows.common-controls_6595b64144ccf1df_6.0.26100.7309_none_3e05feeae336a044\COMCTL32.dll
0x00007ffcc0b30000 - 0x00007ffcc0c5c000 	C:\WINDOWS\System32\gdi32full.dll
0x00007ffcc16a0000 - 0x00007ffcc1749000 	C:\WINDOWS\System32\msvcrt.dll
0x00007ffcc0820000 - 0x00007ffcc08c3000 	C:\WINDOWS\System32\msvcp_win.dll
0x00007ffcc1660000 - 0x00007ffcc1691000 	C:\WINDOWS\System32\IMM32.DLL
0x00007ffcaf620000 - 0x00007ffcaf62c000 	c:\Users\Ali_Aman_Khan\.antigravity\extensions\redhat.java-1.52.0-win32-x64\jre\21.0.9-win32-x86_64\bin\vcruntime140_1.dll
0x00007ffca10e0000 - 0x00007ffca116d000 	c:\Users\Ali_Aman_Khan\.antigravity\extensions\redhat.java-1.52.0-win32-x64\jre\21.0.9-win32-x86_64\bin\msvcp140.dll
0x00007ffc3f680000 - 0x00007ffc40420000 	c:\Users\Ali_Aman_Khan\.antigravity\extensions\redhat.java-1.52.0-win32-x64\jre\21.0.9-win32-x86_64\bin\server\jvm.dll
0x00007ffcc2430000 - 0x00007ffcc24e4000 	C:\WINDOWS\System32\ADVAPI32.dll
0x00007ffcc15b0000 - 0x00007ffcc1656000 	C:\WINDOWS\System32\sechost.dll
0x00007ffcc1460000 - 0x00007ffcc1578000 	C:\WINDOWS\System32\RPCRT4.dll
0x00007ffcc13e0000 - 0x00007ffcc1454000 	C:\WINDOWS\System32\WS2_32.dll
0x00007ffcbff30000 - 0x00007ffcbff8e000 	C:\WINDOWS\SYSTEM32\POWRPROF.dll
0x00007ffcb7560000 - 0x00007ffcb7595000 	C:\WINDOWS\SYSTEM32\WINMM.dll
0x00007ffcb75a0000 - 0x00007ffcb75ab000 	C:\WINDOWS\SYSTEM32\VERSION.dll
0x00007ffcbff10000 - 0x00007ffcbff24000 	C:\WINDOWS\SYSTEM32\UMPDC.dll
0x00007ffcbee80000 - 0x00007ffcbee9b000 	C:\WINDOWS\SYSTEM32\kernel.appcore.dll
0x00007ffcaf0f0000 - 0x00007ffcaf0fa000 	c:\Users\Ali_Aman_Khan\.antigravity\extensions\redhat.java-1.52.0-win32-x64\jre\21.0.9-win32-x86_64\bin\jimage.dll
0x00007ffcb42b0000 - 0x00007ffcb44f2000 	C:\WINDOWS\SYSTEM32\DBGHELP.DLL
0x00007ffcc1770000 - 0x00007ffcc1af6000 	C:\WINDOWS\System32\combase.dll
0x00007ffcc1300000 - 0x00007ffcc13d6000 	C:\WINDOWS\System32\OLEAUT32.dll
0x00007ffca7d20000 - 0x00007ffca7d5c000 	C:\WINDOWS\SYSTEM32\dbgcore.DLL
0x00007ffcc0900000 - 0x00007ffcc09a5000 	C:\WINDOWS\System32\bcryptPrimitives.dll
0x00007ffcaef70000 - 0x00007ffcaef7f000 	c:\Users\Ali_Aman_Khan\.antigravity\extensions\redhat.java-1.52.0-win32-x64\jre\21.0.9-win32-x86_64\bin\instrument.dll
0x00007ffcad000000 - 0x00007ffcad020000 	c:\Users\Ali_Aman_Khan\.antigravity\extensions\redhat.java-1.52.0-win32-x64\jre\21.0.9-win32-x86_64\bin\java.dll
0x00007ffcc1b00000 - 0x00007ffcc2253000 	C:\WINDOWS\System32\SHELL32.dll
0x00007ffcc00d0000 - 0x00007ffcc023a000 	C:\WINDOWS\System32\wintypes.dll
0x00007ffcbdcc0000 - 0x00007ffcbe51e000 	C:\WINDOWS\SYSTEM32\windows.storage.dll
0x00007ffcc0d50000 - 0x00007ffcc0e45000 	C:\WINDOWS\System32\SHCORE.dll
0x00007ffcc2330000 - 0x00007ffcc2396000 	C:\WINDOWS\System32\shlwapi.dll
0x00007ffcbfff0000 - 0x00007ffcc0019000 	C:\WINDOWS\SYSTEM32\profapi.dll
0x00007ffcaae20000 - 0x00007ffcaae38000 	c:\Users\Ali_Aman_Khan\.antigravity\extensions\redhat.java-1.52.0-win32-x64\jre\21.0.9-win32-x86_64\bin\zip.dll
0x00007ffcaef10000 - 0x00007ffcaef20000 	C:\Users\Ali_Aman_Khan\.antigravity\extensions\redhat.java-1.52.0-win32-x64\jre\21.0.9-win32-x86_64\bin\net.dll
0x00007ffcb7c80000 - 0x00007ffcb7da8000 	C:\WINDOWS\SYSTEM32\WINHTTP.dll
0x00007ffcbf3f0000 - 0x00007ffcbf45b000 	C:\WINDOWS\system32\mswsock.dll
0x00007ffcaa920000 - 0x00007ffcaa936000 	C:\Users\Ali_Aman_Khan\.antigravity\extensions\redhat.java-1.52.0-win32-x64\jre\21.0.9-win32-x86_64\bin\nio.dll
0x00007ffcaea90000 - 0x00007ffcaeaa0000 	c:\Users\Ali_Aman_Khan\.antigravity\extensions\redhat.java-1.52.0-win32-x64\jre\21.0.9-win32-x86_64\bin\verify.dll
0x00007ffca1090000 - 0x00007ffca10d5000 	C:\Users\Ali_Aman_Khan\AppData\Roaming\Antigravity\User\globalStorage\redhat.java\1.52.0\config_win\org.eclipse.equinox.launcher\org.eclipse.equinox.launcher.win32.win32.x86_64_1.2.1500.v20260121-1430\eclipse_11919.dll
0x00007ffcc2cd0000 - 0x00007ffcc2e67000 	C:\WINDOWS\System32\ole32.dll
0x00007ffcbf6b0000 - 0x00007ffcbf6cb000 	C:\WINDOWS\SYSTEM32\CRYPTSP.dll
0x00007ffcbede0000 - 0x00007ffcbee1a000 	C:\WINDOWS\system32\rsaenh.dll
0x00007ffcbf4a0000 - 0x00007ffcbf4cb000 	C:\WINDOWS\SYSTEM32\USERENV.dll
0x00007ffcbffc0000 - 0x00007ffcbffea000 	C:\WINDOWS\SYSTEM32\bcrypt.dll
0x00007ffcbf6d0000 - 0x00007ffcbf6dc000 	C:\WINDOWS\SYSTEM32\CRYPTBASE.dll
0x00007ffcbe840000 - 0x00007ffcbe874000 	C:\WINDOWS\SYSTEM32\IPHLPAPI.DLL
0x00007ffcc2420000 - 0x00007ffcc242a000 	C:\WINDOWS\System32\NSI.dll
0x00007ffca0fd0000 - 0x00007ffca1019000 	C:\Users\Ali_Aman_Khan\AppData\Local\Temp\jna-869592047\jna438437599159408425.dll
0x00007ffcc2cc0000 - 0x00007ffcc2cc8000 	C:\WINDOWS\System32\PSAPI.DLL
0x00007ffcb7a20000 - 0x00007ffcb7a3e000 	C:\WINDOWS\SYSTEM32\dhcpcsvc6.DLL
0x00007ffcb79f0000 - 0x00007ffcb7a13000 	C:\WINDOWS\SYSTEM32\dhcpcsvc.DLL

JVMTI agents:
c:\Users\Ali_Aman_Khan\.antigravity\extensions\redhat.java-1.52.0-win32-x64\lombok\lombok-1.18.39-4050.jar path:c:\Users\Ali_Aman_Khan\.antigravity\extensions\redhat.java-1.52.0-win32-x64\jre\21.0.9-win32-x86_64\bin\instrument.dll, loaded, initialized, instrumentlib options:none

dbghelp: loaded successfully - version: 4.0.5 - missing functions: none
symbol engine: initialized successfully - sym options: 0x614 - pdb path: .;c:\Users\Ali_Aman_Khan\.antigravity\extensions\redhat.java-1.52.0-win32-x64\jre\21.0.9-win32-x86_64\bin;C:\WINDOWS\SYSTEM32;C:\WINDOWS\WinSxS\amd64_microsoft.windows.common-controls_6595b64144ccf1df_6.0.26100.7309_none_3e05feeae336a044;c:\Users\Ali_Aman_Khan\.antigravity\extensions\redhat.java-1.52.0-win32-x64\jre\21.0.9-win32-x86_64\bin\server;C:\Users\Ali_Aman_Khan\AppData\Roaming\Antigravity\User\globalStorage\redhat.java\1.52.0\config_win\org.eclipse.equinox.launcher\org.eclipse.equinox.launcher.win32.win32.x86_64_1.2.1500.v20260121-1430;C:\Users\Ali_Aman_Khan\AppData\Local\Temp\jna-869592047

VM Arguments:
jvm_args: --add-modules=ALL-SYSTEM --add-opens=java.base/java.util=ALL-UNNAMED --add-opens=java.base/java.lang=ALL-UNNAMED --add-opens=java.base/sun.nio.fs=ALL-UNNAMED -Declipse.application=org.eclipse.jdt.ls.core.id1 -Dosgi.bundles.defaultStartLevel=4 -Declipse.product=org.eclipse.jdt.ls.core.product -Djava.import.generatesMetadataFilesAtProjectRoot=false -DDetectVMInstallationsJob.disabled=true -Dfile.encoding=utf8 -XX:+UseParallelGC -XX:GCTimeRatio=4 -XX:AdaptiveSizePolicyWeight=90 -Dsun.zip.disableMemoryMapping=true -Xmx2G -Xms100m -Xlog:disable -javaagent:c:\Users\Ali_Aman_Khan\.antigravity\extensions\redhat.java-1.52.0-win32-x64\lombok\lombok-1.18.39-4050.jar -XX:+HeapDumpOnOutOfMemoryError -XX:HeapDumpPath=c:\Users\Ali_Aman_Khan\AppData\Roaming\Antigravity\User\workspaceStorage\8c170432c94a3d51ad43093330712aea\redhat.java -Daether.dependencyCollector.impl=bf 
java_command: c:\Users\Ali_Aman_Khan\.antigravity\extensions\redhat.java-1.52.0-win32-x64\server\plugins\org.eclipse.equinox.launcher_1.7.100.v20251111-0406.jar -configuration c:\Users\Ali_Aman_Khan\AppData\Roaming\Antigravity\User\globalStorage\redhat.java\1.52.0\config_win -data c:\Users\Ali_Aman_Khan\AppData\Roaming\Antigravity\User\workspaceStorage\8c170432c94a3d51ad43093330712aea\redhat.java\jdt_ws --pipe=\\.\pipe\lsp-6a54bd24fa22934d7aa813989008e888-sock
java_class_path (initial): c:\Users\Ali_Aman_Khan\.antigravity\extensions\redhat.java-1.52.0-win32-x64\server\plugins\org.eclipse.equinox.launcher_1.7.100.v20251111-0406.jar
Launcher Type: SUN_STANDARD

[Global flags]
    uintx AdaptiveSizePolicyWeight                 = 90                                        {product} {command line}
     intx CICompilerCount                          = 4                                         {product} {ergonomic}
    uintx GCTimeRatio                              = 4                                         {product} {command line}
     bool HeapDumpOnOutOfMemoryError               = true                                   {manageable} {command line}
    ccstr HeapDumpPath                             = c:\Users\Ali_Aman_Khan\AppData\Roaming\Antigravity\User\workspaceStorage\8c170432c94a3d51ad43093330712aea\redhat.java         {manageable} {command line}
   size_t InitialHeapSize                          = 104857600                                 {product} {command line}
   size_t MaxHeapSize                              = 2147483648                                {product} {command line}
   size_t MaxNewSize                               = 715653120                                 {product} {ergonomic}
   size_t MinHeapDeltaBytes                        = 524288                                    {product} {ergonomic}
   size_t MinHeapSize                              = 104857600                                 {product} {command line}
   size_t NewSize                                  = 34603008                                  {product} {ergonomic}
    uintx NonNMethodCodeHeapSize                   = 5839372                                {pd product} {ergonomic}
    uintx NonProfiledCodeHeapSize                  = 122909434                              {pd product} {ergonomic}
   size_t OldSize                                  = 70254592                                  {product} {ergonomic}
    uintx ProfiledCodeHeapSize                     = 122909434                              {pd product} {ergonomic}
    uintx ReservedCodeCacheSize                    = 251658240                              {pd product} {ergonomic}
     bool SegmentedCodeCache                       = true                                      {product} {ergonomic}
   size_t SoftMaxHeapSize                          = 2147483648                             {manageable} {ergonomic}
     bool UseCompressedOops                        = true                           {product lp64_product} {ergonomic}
     bool UseLargePagesIndividualAllocation        = false                                  {pd product} {ergonomic}
     bool UseParallelGC                            = true                                      {product} {command line}

Logging:
Log output configuration:
 #0: stdout all=off uptime,level,tags foldmultilines=false
 #1: stderr all=off uptime,level,tags foldmultilines=false

Release file:
JAVA_VERSION="21.0.9" 
MODULES="java.base java.compiler java.datatransfer java.xml java.prefs java.desktop java.instrument java.logging java.management java.security.sasl java.naming java.rmi java.management.rmi java.net.http java.scripting java.security.jgss java.transaction.xa java.sql java.sql.rowset java.xml.crypto java.se java.smartcardio jdk.accessibility jdk.internal.jvmstat jdk.attach jdk.charsets jdk.internal.opt jdk.zipfs jdk.compiler jdk.crypto.ec jdk.crypto.cryptoki jdk.crypto.mscapi jdk.dynalink jdk.internal.ed jdk.editpad jdk.hotspot.agent jdk.httpserver jdk.internal.le jdk.internal.vm.ci jdk.internal.vm.compiler jdk.internal.vm.compiler.management jdk.jartool jdk.javadoc jdk.jcmd jdk.management jdk.management.agent jdk.jconsole jdk.jdeps jdk.jdwp.agent jdk.jdi jdk.jfr jdk.jshell jdk.jsobject jdk.jstatd jdk.localedata jdk.management.jfr jdk.naming.dns jdk.naming.rmi jdk.net jdk.nio.mapmode jdk.random jdk.sctp jdk.security.auth jdk.security.jgss jdk.unsupported jdk.unsupported.desktop jdk.xml.dom" 

Environment Variables:
PATH=C:\Program Files\Common Files\Oracle\Java\javapath;C:\Program Files\Apache\maven\bin;C:\Program Files\MongoDB\Tools\100\bin;C:\Program Files\MongoDB\mongosh-2.5.8-win32-x64\bin;C:\WINDOWS\system32;C:\WINDOWS;C:\WINDOWS\System32\Wbem;C:\WINDOWS\System32\WindowsPowerShell\v1.0\;C:\WINDOWS\System32\OpenSSH\;C:\ProgramData\chocolatey\bin;C:\Program Files\Git\cmd;C:\Users\Ali_Aman_Khan\AppData\Local\Android\Sdk\platform-tools;C:\Program Files\Redis\;C:\Program Files\Docker\Docker\resources\bin;C:\Program Files\Git LFS;C:\Program Files (x86)\dotnet;C:\Users\Ali_Aman_Khan\Downloads\flutter_windows_3.22.0-stable\flutter\bin;c:\Users\Ali_Aman_Khan\AppData\Local\Programs\cursor\resources\app\bin;C:\Program Files\PostgreSQL\17\bin;C:\WINDOWS\system32;C:\WINDOWS;C:\WINDOWS\System32\Wbem;C:\WINDOWS\System32\WindowsPowerShell\v1.0\;C:\WINDOWS\System32\OpenSSH\;C:\Users\Ali_Aman_Khan\AppData\Local\Programs\Python\Python313;C:\Users\Ali_Aman_Khan\AppData\Local\Programs\Python\Python313\Scripts;C:\Users\Ali_Aman_Khan\anaconda3;C:\Users\Ali_Aman_Khan\anaconda3\Scripts;C:\Program Files (x86)\Microsoft Visual Studio\2022\BuildTools\MSBuild\Current\Bin;C:\Users\Ali_Aman_Khan\stripe_1.27.0_windows_x86_64;C:\Program Files\dotnet\;C:\mingw64\bin;C:\Program Files\Java\jdk-21\bin;C:\Program Files\MongoDB\Server\8.2\bin;C:\Program Files\nodejs\;C:\Program Files\Microsoft SQL Server\150\Tools\Binn\;C:\Program Files\Microsoft SQL Server\Client SDK\ODBC\170\Tools\Binn\;C:\Program Files (x86)\Microsoft SQL Server\170\Tools\Binn\;C:\Program Files\Microsoft SQL Server\170\Tools\Binn\;C:\Program Files\Microsoft SQL Server\Client SDK\ODBC\180\Tools\Binn\;C:\Program Files\Microsoft SQL Server\170\DTS\Binn\;C:\Kind;C:\Program Files\Apache\maven\bin\bin;C:\Users\Ali_Aman_Khan\AppData\Local\Programs\Microsoft VS Code\bin;C:\Users\Ali_Aman_Khan\AppData\Local\Microsoft\WindowsApps;C:\Users\Ali_Aman_Khan\AppData\Local\Programs\mongosh\;C:\Users\Ali_Aman_Khan\AppData\Roaming\npm;C:\Users\Ali_Aman_Khan\.dotnet\tools;C:\Kind;C:\Users\Ali_Aman_Khan\AppData\Local\Programs\Antigravity\bin
USERNAME=Ali_Aman_Khan
OS=Windows_NT
PROCESSOR_IDENTIFIER=AMD64 Family 23 Model 104 Stepping 1, AuthenticAMD
TMP=C:\Users\ALI_AM~1\AppData\Local\Temp
TEMP=C:\Users\ALI_AM~1\AppData\Local\Temp




Periodic native trim disabled

---------------  S Y S T E M  ---------------

OS:
 Windows 11 , 64 bit Build 26100 (10.0.26100.7623)
OS uptime: 0 days 14:14 hours
Hyper-V role detected

CPU: total 12 (initial active 12) (12 cores per cpu, 2 threads per core) family 23 model 104 stepping 1 microcode 0x8608103, cx8, cmov, fxsr, ht, mmx, 3dnowpref, sse, sse2, sse3, ssse3, sse4a, sse4.1, sse4.2, popcnt, lzcnt, tsc, tscinvbit, avx, avx2, aes, clmul, bmi1, bmi2, adx, sha, fma, vzeroupper, clflush, clflushopt, hv, rdtscp, rdpid, f16c
Processor Information for the first 12 processors :
  Max Mhz: 2100, Current Mhz: 1686, Mhz Limit: 2100

Memory: 4k page, system-wide physical 5989M (46M free)
TotalPageFile size 24421M (AvailPageFile size 2M)
current process WorkingSet (physical memory assigned to process): 371M, peak: 373M
current process commit charge ("private bytes"): 502M, peak: 502M

vm_info: OpenJDK 64-Bit Server VM (21.0.9+10-LTS) for windows-amd64 JRE (21.0.9+10-LTS), built on 2025-10-21T00:00:00Z by "admin" with unknown MS VC++:1942

END.
